{"/home/mrf/Projects/personal-health-dashboard/frontend/postcss.config.js": {"path":"/home/mrf/Projects/personal-health-dashboard/frontend/postcss.config.js","all":true,"statementMap":{"0":{"start":{"line":1,"column":0},"end":{"line":1,"column":16}},"1":{"start":{"line":2,"column":0},"end":{"line":2,"column":12}},"2":{"start":{"line":3,"column":0},"end":{"line":3,"column":20}},"3":{"start":{"line":4,"column":0},"end":{"line":4,"column":21}},"4":{"start":{"line":5,"column":0},"end":{"line":5,"column":4}},"5":{"start":{"line":6,"column":0},"end":{"line":6,"column":1}}},"s":{"0":0,"1":0,"2":0,"3":0,"4":0,"5":0},"branchMap":{"0":{"type":"branch","line":1,"loc":{"start":{"line":1,"column":0},"end":{"line":6,"column":-11}},"locations":[{"start":{"line":1,"column":0},"end":{"line":6,"column":-11}}]}},"b":{"0":[0]},"fnMap":{"0":{"name":"(empty-report)","decl":{"start":{"line":1,"column":0},"end":{"line":6,"column":-11}},"loc":{"start":{"line":1,"column":0},"end":{"line":6,"column":-11}},"line":1}},"f":{"0":0}}
,"/home/mrf/Projects/personal-health-dashboard/frontend/tailwind.config.js": {"path":"/home/mrf/Projects/personal-health-dashboard/frontend/tailwind.config.js","all":true,"statementMap":{"0":{"start":{"line":1,"column":0},"end":{"line":1,"column":43}},"1":{"start":{"line":2,"column":0},"end":{"line":2,"column":16}},"2":{"start":{"line":3,"column":0},"end":{"line":3,"column":12}},"3":{"start":{"line":4,"column":0},"end":{"line":4,"column":19}},"4":{"start":{"line":5,"column":0},"end":{"line":5,"column":33}},"5":{"start":{"line":6,"column":0},"end":{"line":6,"column":4}},"6":{"start":{"line":7,"column":0},"end":{"line":7,"column":10}},"7":{"start":{"line":8,"column":0},"end":{"line":8,"column":15}},"8":{"start":{"line":9,"column":0},"end":{"line":9,"column":4}},"9":{"start":{"line":10,"column":0},"end":{"line":10,"column":14}},"10":{"start":{"line":11,"column":0},"end":{"line":11,"column":1}}},"s":{"0":0,"1":0,"2":0,"3":0,"4":0,"5":0,"6":0,"7":0,"8":0,"9":0,"10":0},"branchMap":{"0":{"type":"branch","line":1,"loc":{"start":{"line":1,"column":0},"end":{"line":11,"column":-13}},"locations":[{"start":{"line":1,"column":0},"end":{"line":11,"column":-13}}]}},"b":{"0":[0]},"fnMap":{"0":{"name":"(empty-report)","decl":{"start":{"line":1,"column":0},"end":{"line":11,"column":-13}},"loc":{"start":{"line":1,"column":0},"end":{"line":11,"column":-13}},"line":1}},"f":{"0":0}}
,"/home/mrf/Projects/personal-health-dashboard/frontend/src/App.tsx": {"path":"/home/mrf/Projects/personal-health-dashboard/frontend/src/App.tsx","all":true,"statementMap":{"0":{"start":{"line":1,"column":0},"end":{"line":1,"column":51}},"1":{"start":{"line":2,"column":0},"end":{"line":2,"column":0}},"2":{"start":{"line":3,"column":0},"end":{"line":3,"column":16}},"3":{"start":{"line":4,"column":0},"end":{"line":4,"column":23}},"4":{"start":{"line":5,"column":0},"end":{"line":5,"column":1}},"5":{"start":{"line":6,"column":0},"end":{"line":6,"column":0}},"6":{"start":{"line":7,"column":0},"end":{"line":7,"column":19}}},"s":{"0":0,"1":0,"2":0,"3":0,"4":0,"5":0,"6":0},"branchMap":{"0":{"type":"branch","line":1,"loc":{"start":{"line":1,"column":116},"end":{"line":7,"column":19}},"locations":[{"start":{"line":1,"column":116},"end":{"line":7,"column":19}}]}},"b":{"0":[0]},"fnMap":{"0":{"name":"(empty-report)","decl":{"start":{"line":1,"column":116},"end":{"line":7,"column":19}},"loc":{"start":{"line":1,"column":116},"end":{"line":7,"column":19}},"line":1}},"f":{"0":0}}
,"/home/mrf/Projects/personal-health-dashboard/frontend/src/main.tsx": {"path":"/home/mrf/Projects/personal-health-dashboard/frontend/src/main.tsx","all":true,"statementMap":{"0":{"start":{"line":1,"column":0},"end":{"line":1,"column":25}},"1":{"start":{"line":2,"column":0},"end":{"line":2,"column":39}},"2":{"start":{"line":3,"column":0},"end":{"line":3,"column":23}},"3":{"start":{"line":4,"column":0},"end":{"line":4,"column":20}},"4":{"start":{"line":5,"column":0},"end":{"line":5,"column":0}},"5":{"start":{"line":6,"column":0},"end":{"line":6,"column":61}},"6":{"start":{"line":7,"column":0},"end":{"line":7,"column":20}},"7":{"start":{"line":8,"column":0},"end":{"line":8,"column":11}},"8":{"start":{"line":9,"column":0},"end":{"line":9,"column":22}},"9":{"start":{"line":10,"column":0},"end":{"line":10,"column":1}}},"s":{"0":0,"1":0,"2":0,"3":0,"4":0,"5":0,"6":0,"7":0,"8":0,"9":0},"branchMap":{"0":{"type":"branch","line":1,"loc":{"start":{"line":1,"column":231},"end":{"line":10,"column":1}},"locations":[{"start":{"line":1,"column":231},"end":{"line":10,"column":1}}]}},"b":{"0":[0]},"fnMap":{"0":{"name":"(empty-report)","decl":{"start":{"line":1,"column":231},"end":{"line":10,"column":1}},"loc":{"start":{"line":1,"column":231},"end":{"line":10,"column":1}},"line":1}},"f":{"0":0}}
,"/home/mrf/Projects/personal-health-dashboard/frontend/src/components/Dashboard.tsx": {"path":"/home/mrf/Projects/personal-health-dashboard/frontend/src/components/Dashboard.tsx","all":true,"statementMap":{"0":{"start":{"line":1,"column":0},"end":{"line":1,"column":33}},"1":{"start":{"line":2,"column":0},"end":{"line":2,"column":115}},"2":{"start":{"line":3,"column":0},"end":{"line":3,"column":49}},"3":{"start":{"line":4,"column":0},"end":{"line":4,"column":57}},"4":{"start":{"line":5,"column":0},"end":{"line":5,"column":49}},"5":{"start":{"line":6,"column":0},"end":{"line":6,"column":51}},"6":{"start":{"line":7,"column":0},"end":{"line":7,"column":55}},"7":{"start":{"line":8,"column":0},"end":{"line":8,"column":43}},"8":{"start":{"line":9,"column":0},"end":{"line":9,"column":55}},"9":{"start":{"line":10,"column":0},"end":{"line":10,"column":61}},"10":{"start":{"line":11,"column":0},"end":{"line":11,"column":44}},"11":{"start":{"line":12,"column":0},"end":{"line":12,"column":85}},"12":{"start":{"line":13,"column":0},"end":{"line":13,"column":0}},"13":{"start":{"line":14,"column":0},"end":{"line":14,"column":83}},"14":{"start":{"line":15,"column":0},"end":{"line":15,"column":0}},"15":{"start":{"line":16,"column":0},"end":{"line":16,"column":29}},"16":{"start":{"line":17,"column":0},"end":{"line":17,"column":66}},"17":{"start":{"line":18,"column":0},"end":{"line":18,"column":39}},"18":{"start":{"line":19,"column":0},"end":{"line":19,"column":48}},"19":{"start":{"line":20,"column":0},"end":{"line":20,"column":0}},"20":{"start":{"line":21,"column":0},"end":{"line":21,"column":55}},"21":{"start":{"line":22,"column":0},"end":{"line":22,"column":0}},"22":{"start":{"line":23,"column":0},"end":{"line":23,"column":73}},"23":{"start":{"line":24,"column":0},"end":{"line":24,"column":72}},"24":{"start":{"line":25,"column":0},"end":{"line":25,"column":67}},"25":{"start":{"line":26,"column":0},"end":{"line":26,"column":62}},"26":{"start":{"line":27,"column":0},"end":{"line":27,"column":63}},"27":{"start":{"line":28,"column":0},"end":{"line":28,"column":65}},"28":{"start":{"line":29,"column":0},"end":{"line":29,"column":74}},"29":{"start":{"line":30,"column":0},"end":{"line":30,"column":4}},"30":{"start":{"line":31,"column":0},"end":{"line":31,"column":0}},"31":{"start":{"line":32,"column":0},"end":{"line":32,"column":10}},"32":{"start":{"line":33,"column":0},"end":{"line":33,"column":45}},"33":{"start":{"line":34,"column":0},"end":{"line":34,"column":20}},"34":{"start":{"line":35,"column":0},"end":{"line":35,"column":60}},"35":{"start":{"line":36,"column":0},"end":{"line":36,"column":53}},"36":{"start":{"line":37,"column":0},"end":{"line":37,"column":61}},"37":{"start":{"line":38,"column":0},"end":{"line":38,"column":53}},"38":{"start":{"line":39,"column":0},"end":{"line":39,"column":58}},"39":{"start":{"line":40,"column":0},"end":{"line":40,"column":87}},"40":{"start":{"line":41,"column":0},"end":{"line":41,"column":18}},"41":{"start":{"line":42,"column":0},"end":{"line":42,"column":53}},"42":{"start":{"line":43,"column":0},"end":{"line":43,"column":21}},"43":{"start":{"line":44,"column":0},"end":{"line":44,"column":28}},"44":{"start":{"line":45,"column":0},"end":{"line":45,"column":65}},"45":{"start":{"line":46,"column":0},"end":{"line":46,"column":136}},"46":{"start":{"line":47,"column":0},"end":{"line":47,"column":15}},"47":{"start":{"line":48,"column":0},"end":{"line":48,"column":54}},"48":{"start":{"line":49,"column":0},"end":{"line":49,"column":56}},"49":{"start":{"line":50,"column":0},"end":{"line":50,"column":56}},"50":{"start":{"line":51,"column":0},"end":{"line":51,"column":58}},"51":{"start":{"line":52,"column":0},"end":{"line":52,"column":54}},"52":{"start":{"line":53,"column":0},"end":{"line":53,"column":23}},"53":{"start":{"line":54,"column":0},"end":{"line":54,"column":39}},"54":{"start":{"line":55,"column":0},"end":{"line":55,"column":56}},"55":{"start":{"line":56,"column":0},"end":{"line":56,"column":82}},"56":{"start":{"line":57,"column":0},"end":{"line":57,"column":23}},"57":{"start":{"line":58,"column":0},"end":{"line":58,"column":16}},"58":{"start":{"line":59,"column":0},"end":{"line":59,"column":18}},"59":{"start":{"line":60,"column":0},"end":{"line":60,"column":16}},"60":{"start":{"line":61,"column":0},"end":{"line":61,"column":0}},"61":{"start":{"line":62,"column":0},"end":{"line":62,"column":22}},"62":{"start":{"line":63,"column":0},"end":{"line":63,"column":50}},"63":{"start":{"line":64,"column":0},"end":{"line":64,"column":32}},"64":{"start":{"line":65,"column":0},"end":{"line":65,"column":21}},"65":{"start":{"line":66,"column":0},"end":{"line":66,"column":28}},"66":{"start":{"line":67,"column":0},"end":{"line":67,"column":52}},"67":{"start":{"line":68,"column":0},"end":{"line":68,"column":126}},"68":{"start":{"line":69,"column":0},"end":{"line":69,"column":38}},"69":{"start":{"line":70,"column":0},"end":{"line":70,"column":64}},"70":{"start":{"line":71,"column":0},"end":{"line":71,"column":93}},"71":{"start":{"line":72,"column":0},"end":{"line":72,"column":19}},"72":{"start":{"line":73,"column":0},"end":{"line":73,"column":15}},"73":{"start":{"line":74,"column":0},"end":{"line":74,"column":26}},"74":{"start":{"line":75,"column":0},"end":{"line":75,"column":27}},"75":{"start":{"line":76,"column":0},"end":{"line":76,"column":23}},"76":{"start":{"line":77,"column":0},"end":{"line":77,"column":15}},"77":{"start":{"line":78,"column":0},"end":{"line":78,"column":16}},"78":{"start":{"line":79,"column":0},"end":{"line":79,"column":14}},"79":{"start":{"line":80,"column":0},"end":{"line":80,"column":15}},"80":{"start":{"line":81,"column":0},"end":{"line":81,"column":0}},"81":{"start":{"line":82,"column":0},"end":{"line":82,"column":26}},"82":{"start":{"line":83,"column":0},"end":{"line":83,"column":52}},"83":{"start":{"line":84,"column":0},"end":{"line":84,"column":21}},"84":{"start":{"line":85,"column":0},"end":{"line":85,"column":68}},"85":{"start":{"line":86,"column":0},"end":{"line":86,"column":13}},"86":{"start":{"line":87,"column":0},"end":{"line":87,"column":12}},"87":{"start":{"line":88,"column":0},"end":{"line":88,"column":69}},"88":{"start":{"line":89,"column":0},"end":{"line":89,"column":69}},"89":{"start":{"line":90,"column":0},"end":{"line":90,"column":63}},"90":{"start":{"line":91,"column":0},"end":{"line":91,"column":63}},"91":{"start":{"line":92,"column":0},"end":{"line":92,"column":65}},"92":{"start":{"line":93,"column":0},"end":{"line":93,"column":69}},"93":{"start":{"line":94,"column":0},"end":{"line":94,"column":13}},"94":{"start":{"line":95,"column":0},"end":{"line":95,"column":10}},"95":{"start":{"line":96,"column":0},"end":{"line":96,"column":13}},"96":{"start":{"line":97,"column":0},"end":{"line":97,"column":10}},"97":{"start":{"line":98,"column":0},"end":{"line":98,"column":4}},"98":{"start":{"line":99,"column":0},"end":{"line":99,"column":1}},"99":{"start":{"line":100,"column":0},"end":{"line":100,"column":0}},"100":{"start":{"line":101,"column":0},"end":{"line":101,"column":50}},"101":{"start":{"line":102,"column":0},"end":{"line":102,"column":66}},"102":{"start":{"line":103,"column":0},"end":{"line":103,"column":60}},"103":{"start":{"line":104,"column":0},"end":{"line":104,"column":0}},"104":{"start":{"line":105,"column":0},"end":{"line":105,"column":10}},"105":{"start":{"line":106,"column":0},"end":{"line":106,"column":31}},"106":{"start":{"line":107,"column":0},"end":{"line":107,"column":22}},"107":{"start":{"line":108,"column":0},"end":{"line":108,"column":0}},"108":{"start":{"line":109,"column":0},"end":{"line":109,"column":61}},"109":{"start":{"line":110,"column":0},"end":{"line":110,"column":59}},"110":{"start":{"line":111,"column":0},"end":{"line":111,"column":63}},"111":{"start":{"line":112,"column":0},"end":{"line":112,"column":36}},"112":{"start":{"line":113,"column":0},"end":{"line":113,"column":14}},"113":{"start":{"line":114,"column":0},"end":{"line":114,"column":59}},"114":{"start":{"line":115,"column":0},"end":{"line":115,"column":63}},"115":{"start":{"line":116,"column":0},"end":{"line":116,"column":36}},"116":{"start":{"line":117,"column":0},"end":{"line":117,"column":14}},"117":{"start":{"line":118,"column":0},"end":{"line":118,"column":12}},"118":{"start":{"line":119,"column":0},"end":{"line":119,"column":0}},"119":{"start":{"line":120,"column":0},"end":{"line":120,"column":61}},"120":{"start":{"line":121,"column":0},"end":{"line":121,"column":59}},"121":{"start":{"line":122,"column":0},"end":{"line":122,"column":77}},"122":{"start":{"line":123,"column":0},"end":{"line":123,"column":60}},"123":{"start":{"line":124,"column":0},"end":{"line":124,"column":28}},"124":{"start":{"line":125,"column":0},"end":{"line":125,"column":15}},"125":{"start":{"line":126,"column":0},"end":{"line":126,"column":29}},"126":{"start":{"line":127,"column":0},"end":{"line":127,"column":55}},"127":{"start":{"line":128,"column":0},"end":{"line":128,"column":15}},"128":{"start":{"line":129,"column":0},"end":{"line":129,"column":49}},"129":{"start":{"line":130,"column":0},"end":{"line":130,"column":12}},"130":{"start":{"line":131,"column":0},"end":{"line":131,"column":14}},"131":{"start":{"line":132,"column":0},"end":{"line":132,"column":59}},"132":{"start":{"line":133,"column":0},"end":{"line":133,"column":72}},"133":{"start":{"line":134,"column":0},"end":{"line":134,"column":29}},"134":{"start":{"line":135,"column":0},"end":{"line":135,"column":55}},"135":{"start":{"line":136,"column":0},"end":{"line":136,"column":25}},"136":{"start":{"line":137,"column":0},"end":{"line":137,"column":52}},"137":{"start":{"line":138,"column":0},"end":{"line":138,"column":19}},"138":{"start":{"line":139,"column":0},"end":{"line":139,"column":72}},"139":{"start":{"line":140,"column":0},"end":{"line":140,"column":103}},"140":{"start":{"line":141,"column":0},"end":{"line":141,"column":20}},"141":{"start":{"line":142,"column":0},"end":{"line":142,"column":19}},"142":{"start":{"line":143,"column":0},"end":{"line":143,"column":66}},"143":{"start":{"line":144,"column":0},"end":{"line":144,"column":104}},"144":{"start":{"line":145,"column":0},"end":{"line":145,"column":20}},"145":{"start":{"line":146,"column":0},"end":{"line":146,"column":19}},"146":{"start":{"line":147,"column":0},"end":{"line":147,"column":71}},"147":{"start":{"line":148,"column":0},"end":{"line":148,"column":111}},"148":{"start":{"line":149,"column":0},"end":{"line":149,"column":20}},"149":{"start":{"line":150,"column":0},"end":{"line":150,"column":19}},"150":{"start":{"line":151,"column":0},"end":{"line":151,"column":72}},"151":{"start":{"line":152,"column":0},"end":{"line":152,"column":105}},"152":{"start":{"line":153,"column":0},"end":{"line":153,"column":20}},"153":{"start":{"line":154,"column":0},"end":{"line":154,"column":18}},"154":{"start":{"line":155,"column":0},"end":{"line":155,"column":15}},"155":{"start":{"line":156,"column":0},"end":{"line":156,"column":62}},"156":{"start":{"line":157,"column":0},"end":{"line":157,"column":12}},"157":{"start":{"line":158,"column":0},"end":{"line":158,"column":14}},"158":{"start":{"line":159,"column":0},"end":{"line":159,"column":12}},"159":{"start":{"line":160,"column":0},"end":{"line":160,"column":10}},"160":{"start":{"line":161,"column":0},"end":{"line":161,"column":4}},"161":{"start":{"line":162,"column":0},"end":{"line":162,"column":1}},"162":{"start":{"line":163,"column":0},"end":{"line":163,"column":0}},"163":{"start":{"line":164,"column":0},"end":{"line":164,"column":50}},"164":{"start":{"line":165,"column":0},"end":{"line":165,"column":10}},"165":{"start":{"line":166,"column":0},"end":{"line":166,"column":31}},"166":{"start":{"line":167,"column":0},"end":{"line":167,"column":57}},"167":{"start":{"line":168,"column":0},"end":{"line":168,"column":67}},"168":{"start":{"line":169,"column":0},"end":{"line":169,"column":34}},"169":{"start":{"line":170,"column":0},"end":{"line":170,"column":12}},"170":{"start":{"line":171,"column":0},"end":{"line":171,"column":61}},"171":{"start":{"line":172,"column":0},"end":{"line":172,"column":59}},"172":{"start":{"line":173,"column":0},"end":{"line":173,"column":73}},"173":{"start":{"line":174,"column":0},"end":{"line":174,"column":39}},"174":{"start":{"line":175,"column":0},"end":{"line":175,"column":14}},"175":{"start":{"line":176,"column":0},"end":{"line":176,"column":59}},"176":{"start":{"line":177,"column":0},"end":{"line":177,"column":71}},"177":{"start":{"line":178,"column":0},"end":{"line":178,"column":39}},"178":{"start":{"line":179,"column":0},"end":{"line":179,"column":14}},"179":{"start":{"line":180,"column":0},"end":{"line":180,"column":12}},"180":{"start":{"line":181,"column":0},"end":{"line":181,"column":10}},"181":{"start":{"line":182,"column":0},"end":{"line":182,"column":4}},"182":{"start":{"line":183,"column":0},"end":{"line":183,"column":1}},"183":{"start":{"line":184,"column":0},"end":{"line":184,"column":0}},"184":{"start":{"line":185,"column":0},"end":{"line":185,"column":47}},"185":{"start":{"line":186,"column":0},"end":{"line":186,"column":10}},"186":{"start":{"line":187,"column":0},"end":{"line":187,"column":31}},"187":{"start":{"line":188,"column":0},"end":{"line":188,"column":57}},"188":{"start":{"line":189,"column":0},"end":{"line":189,"column":70}},"189":{"start":{"line":190,"column":0},"end":{"line":190,"column":34}},"190":{"start":{"line":191,"column":0},"end":{"line":191,"column":12}},"191":{"start":{"line":192,"column":0},"end":{"line":192,"column":10}},"192":{"start":{"line":193,"column":0},"end":{"line":193,"column":4}},"193":{"start":{"line":194,"column":0},"end":{"line":194,"column":1}},"194":{"start":{"line":195,"column":0},"end":{"line":195,"column":0}},"195":{"start":{"line":196,"column":0},"end":{"line":196,"column":47}},"196":{"start":{"line":197,"column":0},"end":{"line":197,"column":10}},"197":{"start":{"line":198,"column":0},"end":{"line":198,"column":31}},"198":{"start":{"line":199,"column":0},"end":{"line":199,"column":57}},"199":{"start":{"line":200,"column":0},"end":{"line":200,"column":74}},"200":{"start":{"line":201,"column":0},"end":{"line":201,"column":38}},"201":{"start":{"line":202,"column":0},"end":{"line":202,"column":12}},"202":{"start":{"line":203,"column":0},"end":{"line":203,"column":10}},"203":{"start":{"line":204,"column":0},"end":{"line":204,"column":4}},"204":{"start":{"line":205,"column":0},"end":{"line":205,"column":1}},"205":{"start":{"line":206,"column":0},"end":{"line":206,"column":0}},"206":{"start":{"line":207,"column":0},"end":{"line":207,"column":48}},"207":{"start":{"line":208,"column":0},"end":{"line":208,"column":10}},"208":{"start":{"line":209,"column":0},"end":{"line":209,"column":31}},"209":{"start":{"line":210,"column":0},"end":{"line":210,"column":57}},"210":{"start":{"line":211,"column":0},"end":{"line":211,"column":68}},"211":{"start":{"line":212,"column":0},"end":{"line":212,"column":35}},"212":{"start":{"line":213,"column":0},"end":{"line":213,"column":12}},"213":{"start":{"line":214,"column":0},"end":{"line":214,"column":10}},"214":{"start":{"line":215,"column":0},"end":{"line":215,"column":4}},"215":{"start":{"line":216,"column":0},"end":{"line":216,"column":1}},"216":{"start":{"line":217,"column":0},"end":{"line":217,"column":0}},"217":{"start":{"line":218,"column":0},"end":{"line":218,"column":50}},"218":{"start":{"line":219,"column":0},"end":{"line":219,"column":61}},"219":{"start":{"line":220,"column":0},"end":{"line":220,"column":71}},"220":{"start":{"line":221,"column":0},"end":{"line":221,"column":0}},"221":{"start":{"line":222,"column":0},"end":{"line":222,"column":10}},"222":{"start":{"line":223,"column":0},"end":{"line":223,"column":31}},"223":{"start":{"line":224,"column":0},"end":{"line":224,"column":57}},"224":{"start":{"line":225,"column":0},"end":{"line":225,"column":86}},"225":{"start":{"line":226,"column":0},"end":{"line":226,"column":26}},"226":{"start":{"line":227,"column":0},"end":{"line":227,"column":62}},"227":{"start":{"line":228,"column":0},"end":{"line":228,"column":13}},"228":{"start":{"line":229,"column":0},"end":{"line":229,"column":36}},"229":{"start":{"line":230,"column":0},"end":{"line":230,"column":10}},"230":{"start":{"line":231,"column":0},"end":{"line":231,"column":12}},"231":{"start":{"line":232,"column":0},"end":{"line":232,"column":0}},"232":{"start":{"line":233,"column":0},"end":{"line":233,"column":57}},"233":{"start":{"line":234,"column":0},"end":{"line":234,"column":68}},"234":{"start":{"line":235,"column":0},"end":{"line":235,"column":24}},"235":{"start":{"line":236,"column":0},"end":{"line":236,"column":62}},"236":{"start":{"line":237,"column":0},"end":{"line":237,"column":13}},"237":{"start":{"line":238,"column":0},"end":{"line":238,"column":54}},"238":{"start":{"line":239,"column":0},"end":{"line":239,"column":10}},"239":{"start":{"line":240,"column":0},"end":{"line":240,"column":12}},"240":{"start":{"line":241,"column":0},"end":{"line":241,"column":10}},"241":{"start":{"line":242,"column":0},"end":{"line":242,"column":4}},"242":{"start":{"line":243,"column":0},"end":{"line":243,"column":1}},"243":{"start":{"line":244,"column":0},"end":{"line":244,"column":0}},"244":{"start":{"line":245,"column":0},"end":{"line":245,"column":52}},"245":{"start":{"line":246,"column":0},"end":{"line":246,"column":58}},"246":{"start":{"line":247,"column":0},"end":{"line":247,"column":102}},"247":{"start":{"line":248,"column":0},"end":{"line":248,"column":0}},"248":{"start":{"line":249,"column":0},"end":{"line":249,"column":52}},"249":{"start":{"line":250,"column":0},"end":{"line":250,"column":63}},"250":{"start":{"line":251,"column":0},"end":{"line":251,"column":0}},"251":{"start":{"line":252,"column":0},"end":{"line":252,"column":108}},"252":{"start":{"line":253,"column":0},"end":{"line":253,"column":110}},"253":{"start":{"line":254,"column":0},"end":{"line":254,"column":0}},"254":{"start":{"line":255,"column":0},"end":{"line":255,"column":10}},"255":{"start":{"line":256,"column":0},"end":{"line":256,"column":51}},"256":{"start":{"line":257,"column":0},"end":{"line":257,"column":29}},"257":{"start":{"line":258,"column":0},"end":{"line":258,"column":64}},"258":{"start":{"line":259,"column":0},"end":{"line":259,"column":14}},"259":{"start":{"line":260,"column":0},"end":{"line":260,"column":24}},"260":{"start":{"line":261,"column":0},"end":{"line":261,"column":108}},"261":{"start":{"line":262,"column":0},"end":{"line":262,"column":33}},"262":{"start":{"line":263,"column":0},"end":{"line":263,"column":10}},"263":{"start":{"line":264,"column":0},"end":{"line":264,"column":41}},"264":{"start":{"line":265,"column":0},"end":{"line":265,"column":16}},"265":{"start":{"line":266,"column":0},"end":{"line":266,"column":66}},"266":{"start":{"line":267,"column":0},"end":{"line":267,"column":87}},"267":{"start":{"line":268,"column":0},"end":{"line":268,"column":10}},"268":{"start":{"line":269,"column":0},"end":{"line":269,"column":80}},"269":{"start":{"line":270,"column":0},"end":{"line":270,"column":18}},"270":{"start":{"line":271,"column":0},"end":{"line":271,"column":26}},"271":{"start":{"line":272,"column":0},"end":{"line":272,"column":4}},"272":{"start":{"line":273,"column":0},"end":{"line":273,"column":1}},"273":{"start":{"line":274,"column":0},"end":{"line":274,"column":0}},"274":{"start":{"line":275,"column":0},"end":{"line":275,"column":52}},"275":{"start":{"line":276,"column":0},"end":{"line":276,"column":63}},"276":{"start":{"line":277,"column":0},"end":{"line":277,"column":0}},"277":{"start":{"line":278,"column":0},"end":{"line":278,"column":108}},"278":{"start":{"line":279,"column":0},"end":{"line":279,"column":110}},"279":{"start":{"line":280,"column":0},"end":{"line":280,"column":0}},"280":{"start":{"line":281,"column":0},"end":{"line":281,"column":10}},"281":{"start":{"line":282,"column":0},"end":{"line":282,"column":51}},"282":{"start":{"line":283,"column":0},"end":{"line":283,"column":29}},"283":{"start":{"line":284,"column":0},"end":{"line":284,"column":64}},"284":{"start":{"line":285,"column":0},"end":{"line":285,"column":14}},"285":{"start":{"line":286,"column":0},"end":{"line":286,"column":24}},"286":{"start":{"line":287,"column":0},"end":{"line":287,"column":108}},"287":{"start":{"line":288,"column":0},"end":{"line":288,"column":33}},"288":{"start":{"line":289,"column":0},"end":{"line":289,"column":10}},"289":{"start":{"line":290,"column":0},"end":{"line":290,"column":41}},"290":{"start":{"line":291,"column":0},"end":{"line":291,"column":16}},"291":{"start":{"line":292,"column":0},"end":{"line":292,"column":66}},"292":{"start":{"line":293,"column":0},"end":{"line":293,"column":79}},"293":{"start":{"line":294,"column":0},"end":{"line":294,"column":10}},"294":{"start":{"line":295,"column":0},"end":{"line":295,"column":80}},"295":{"start":{"line":296,"column":0},"end":{"line":296,"column":18}},"296":{"start":{"line":297,"column":0},"end":{"line":297,"column":26}},"297":{"start":{"line":298,"column":0},"end":{"line":298,"column":4}},"298":{"start":{"line":299,"column":0},"end":{"line":299,"column":1}}},"s":{"0":0,"1":0,"2":0,"3":0,"4":0,"5":0,"6":0,"7":0,"8":0,"9":0,"10":0,"11":0,"12":0,"13":0,"14":0,"15":0,"16":0,"17":0,"18":0,"19":0,"20":0,"21":0,"22":0,"23":0,"24":0,"25":0,"26":0,"27":0,"28":0,"29":0,"30":0,"31":0,"32":0,"33":0,"34":0,"35":0,"36":0,"37":0,"38":0,"39":0,"40":0,"41":0,"42":0,"43":0,"44":0,"45":0,"46":0,"47":0,"48":0,"49":0,"50":0,"51":0,"52":0,"53":0,"54":0,"55":0,"56":0,"57":0,"58":0,"59":0,"60":0,"61":0,"62":0,"63":0,"64":0,"65":0,"66":0,"67":0,"68":0,"69":0,"70":0,"71":0,"72":0,"73":0,"74":0,"75":0,"76":0,"77":0,"78":0,"79":0,"80":0,"81":0,"82":0,"83":0,"84":0,"85":0,"86":0,"87":0,"88":0,"89":0,"90":0,"91":0,"92":0,"93":0,"94":0,"95":0,"96":0,"97":0,"98":0,"99":0,"100":0,"101":0,"102":0,"103":0,"104":0,"105":0,"106":0,"107":0,"108":0,"109":0,"110":0,"111":0,"112":0,"113":0,"114":0,"115":0,"116":0,"117":0,"118":0,"119":0,"120":0,"121":0,"122":0,"123":0,"124":0,"125":0,"126":0,"127":0,"128":0,"129":0,"130":0,"131":0,"132":0,"133":0,"134":0,"135":0,"136":0,"137":0,"138":0,"139":0,"140":0,"141":0,"142":0,"143":0,"144":0,"145":0,"146":0,"147":0,"148":0,"149":0,"150":0,"151":0,"152":0,"153":0,"154":0,"155":0,"156":0,"157":0,"158":0,"159":0,"160":0,"161":0,"162":0,"163":0,"164":0,"165":0,"166":0,"167":0,"168":0,"169":0,"170":0,"171":0,"172":0,"173":0,"174":0,"175":0,"176":0,"177":0,"178":0,"179":0,"180":0,"181":0,"182":0,"183":0,"184":0,"185":0,"186":0,"187":0,"188":0,"189":0,"190":0,"191":0,"192":0,"193":0,"194":0,"195":0,"196":0,"197":0,"198":0,"199":0,"200":0,"201":0,"202":0,"203":0,"204":0,"205":0,"206":0,"207":0,"208":0,"209":0,"210":0,"211":0,"212":0,"213":0,"214":0,"215":0,"216":0,"217":0,"218":0,"219":0,"220":0,"221":0,"222":0,"223":0,"224":0,"225":0,"226":0,"227":0,"228":0,"229":0,"230":0,"231":0,"232":0,"233":0,"234":0,"235":0,"236":0,"237":0,"238":0,"239":0,"240":0,"241":0,"242":0,"243":0,"244":0,"245":0,"246":0,"247":0,"248":0,"249":0,"250":0,"251":0,"252":0,"253":0,"254":0,"255":0,"256":0,"257":0,"258":0,"259":0,"260":0,"261":0,"262":0,"263":0,"264":0,"265":0,"266":0,"267":0,"268":0,"269":0,"270":0,"271":0,"272":0,"273":0,"274":0,"275":0,"276":0,"277":0,"278":0,"279":0,"280":0,"281":0,"282":0,"283":0,"284":0,"285":0,"286":0,"287":0,"288":0,"289":0,"290":0,"291":0,"292":0,"293":0,"294":0,"295":0,"296":0,"297":0,"298":0},"branchMap":{"0":{"type":"branch","line":1,"loc":{"start":{"line":1,"column":0},"end":{"line":299,"column":-7557}},"locations":[{"start":{"line":1,"column":0},"end":{"line":299,"column":-7557}}]}},"b":{"0":[0]},"fnMap":{"0":{"name":"(empty-report)","decl":{"start":{"line":1,"column":0},"end":{"line":299,"column":-7557}},"loc":{"start":{"line":1,"column":0},"end":{"line":299,"column":-7557}},"line":1}},"f":{"0":0}}
,"/home/mrf/Projects/personal-health-dashboard/frontend/src/components/ImportPanel.tsx": {"path":"/home/mrf/Projects/personal-health-dashboard/frontend/src/components/ImportPanel.tsx","all":false,"statementMap":{"0":{"start":{"line":1,"column":0},"end":{"line":1,"column":46}},"1":{"start":{"line":2,"column":0},"end":{"line":2,"column":83}},"2":{"start":{"line":3,"column":0},"end":{"line":3,"column":52}},"3":{"start":{"line":4,"column":0},"end":{"line":4,"column":0}},"4":{"start":{"line":5,"column":0},"end":{"line":5,"column":28}},"5":{"start":{"line":6,"column":0},"end":{"line":6,"column":30}},"6":{"start":{"line":7,"column":0},"end":{"line":7,"column":31}},"7":{"start":{"line":8,"column":0},"end":{"line":8,"column":1}},"8":{"start":{"line":9,"column":0},"end":{"line":9,"column":0}},"9":{"start":{"line":10,"column":0},"end":{"line":10,"column":77}},"10":{"start":{"line":11,"column":0},"end":{"line":11,"column":54}},"11":{"start":{"line":12,"column":0},"end":{"line":12,"column":58}},"12":{"start":{"line":13,"column":0},"end":{"line":13,"column":0}},"13":{"start":{"line":14,"column":0},"end":{"line":14,"column":85}},"14":{"start":{"line":15,"column":0},"end":{"line":15,"column":0}},"15":{"start":{"line":16,"column":0},"end":{"line":16,"column":56}},"16":{"start":{"line":17,"column":0},"end":{"line":17,"column":38}},"17":{"start":{"line":18,"column":0},"end":{"line":18,"column":75}},"18":{"start":{"line":19,"column":0},"end":{"line":19,"column":13}},"19":{"start":{"line":20,"column":0},"end":{"line":20,"column":5}},"20":{"start":{"line":21,"column":0},"end":{"line":21,"column":0}},"21":{"start":{"line":22,"column":0},"end":{"line":22,"column":19}},"22":{"start":{"line":23,"column":0},"end":{"line":23,"column":9}},"23":{"start":{"line":24,"column":0},"end":{"line":24,"column":33}},"24":{"start":{"line":25,"column":0},"end":{"line":25,"column":25}},"25":{"start":{"line":26,"column":0},"end":{"line":26,"column":17}},"26":{"start":{"line":27,"column":0},"end":{"line":27,"column":65}},"27":{"start":{"line":28,"column":0},"end":{"line":28,"column":5}},"28":{"start":{"line":29,"column":0},"end":{"line":29,"column":25}},"29":{"start":{"line":30,"column":0},"end":{"line":30,"column":0}},"30":{"start":{"line":31,"column":0},"end":{"line":31,"column":58}},"31":{"start":{"line":32,"column":0},"end":{"line":32,"column":23}},"32":{"start":{"line":33,"column":0},"end":{"line":33,"column":25}},"33":{"start":{"line":34,"column":0},"end":{"line":34,"column":41}},"34":{"start":{"line":35,"column":0},"end":{"line":35,"column":31}},"35":{"start":{"line":36,"column":0},"end":{"line":36,"column":19}},"36":{"start":{"line":37,"column":0},"end":{"line":37,"column":0}},"37":{"start":{"line":38,"column":0},"end":{"line":38,"column":53}},"38":{"start":{"line":39,"column":0},"end":{"line":39,"column":19}},"39":{"start":{"line":40,"column":0},"end":{"line":40,"column":9}},"40":{"start":{"line":41,"column":0},"end":{"line":41,"column":34}},"41":{"start":{"line":42,"column":0},"end":{"line":42,"column":25}},"42":{"start":{"line":43,"column":0},"end":{"line":43,"column":17}},"43":{"start":{"line":44,"column":0},"end":{"line":44,"column":65}},"44":{"start":{"line":45,"column":0},"end":{"line":45,"column":5}},"45":{"start":{"line":46,"column":0},"end":{"line":46,"column":25}},"46":{"start":{"line":47,"column":0},"end":{"line":47,"column":0}},"47":{"start":{"line":48,"column":0},"end":{"line":48,"column":10}},"48":{"start":{"line":49,"column":0},"end":{"line":49,"column":39}},"49":{"start":{"line":50,"column":0},"end":{"line":50,"column":57}},"50":{"start":{"line":51,"column":0},"end":{"line":51,"column":42}},"51":{"start":{"line":52,"column":0},"end":{"line":52,"column":92}},"52":{"start":{"line":53,"column":0},"end":{"line":53,"column":39}},"53":{"start":{"line":54,"column":0},"end":{"line":54,"column":87}},"54":{"start":{"line":55,"column":0},"end":{"line":55,"column":14}},"55":{"start":{"line":56,"column":0},"end":{"line":56,"column":14}},"56":{"start":{"line":57,"column":0},"end":{"line":57,"column":0}},"57":{"start":{"line":58,"column":0},"end":{"line":58,"column":24}},"58":{"start":{"line":59,"column":0},"end":{"line":59,"column":44}},"59":{"start":{"line":60,"column":0},"end":{"line":60,"column":85}},"60":{"start":{"line":61,"column":0},"end":{"line":61,"column":61}},"61":{"start":{"line":62,"column":0},"end":{"line":62,"column":100}},"62":{"start":{"line":63,"column":0},"end":{"line":63,"column":16}},"63":{"start":{"line":64,"column":0},"end":{"line":64,"column":46}},"64":{"start":{"line":65,"column":0},"end":{"line":65,"column":75}},"65":{"start":{"line":66,"column":0},"end":{"line":66,"column":16}},"66":{"start":{"line":67,"column":0},"end":{"line":67,"column":70}},"67":{"start":{"line":68,"column":0},"end":{"line":68,"column":18}},"68":{"start":{"line":69,"column":0},"end":{"line":69,"column":84}},"69":{"start":{"line":70,"column":0},"end":{"line":70,"column":62}},"70":{"start":{"line":71,"column":0},"end":{"line":71,"column":16}},"71":{"start":{"line":72,"column":0},"end":{"line":72,"column":18}},"72":{"start":{"line":73,"column":0},"end":{"line":73,"column":16}},"73":{"start":{"line":74,"column":0},"end":{"line":74,"column":45}},"74":{"start":{"line":75,"column":0},"end":{"line":75,"column":44}},"75":{"start":{"line":76,"column":0},"end":{"line":76,"column":77}},"76":{"start":{"line":77,"column":0},"end":{"line":77,"column":81}},"77":{"start":{"line":78,"column":0},"end":{"line":78,"column":46}},"78":{"start":{"line":79,"column":0},"end":{"line":79,"column":73}},"79":{"start":{"line":80,"column":0},"end":{"line":80,"column":16}},"80":{"start":{"line":81,"column":0},"end":{"line":81,"column":19}},"81":{"start":{"line":82,"column":0},"end":{"line":82,"column":40}},"82":{"start":{"line":83,"column":0},"end":{"line":83,"column":110}},"83":{"start":{"line":84,"column":0},"end":{"line":84,"column":13}},"84":{"start":{"line":85,"column":0},"end":{"line":85,"column":28}},"85":{"start":{"line":86,"column":0},"end":{"line":86,"column":21}},"86":{"start":{"line":87,"column":0},"end":{"line":87,"column":16}},"87":{"start":{"line":88,"column":0},"end":{"line":88,"column":13}},"88":{"start":{"line":89,"column":0},"end":{"line":89,"column":12}},"89":{"start":{"line":90,"column":0},"end":{"line":90,"column":38}},"90":{"start":{"line":91,"column":0},"end":{"line":91,"column":16}},"91":{"start":{"line":92,"column":0},"end":{"line":92,"column":33}},"92":{"start":{"line":93,"column":0},"end":{"line":93,"column":78}},"93":{"start":{"line":94,"column":0},"end":{"line":94,"column":54}},"94":{"start":{"line":95,"column":0},"end":{"line":95,"column":96}},"95":{"start":{"line":96,"column":0},"end":{"line":96,"column":26}},"96":{"start":{"line":97,"column":0},"end":{"line":97,"column":48}},"97":{"start":{"line":98,"column":0},"end":{"line":98,"column":59}},"98":{"start":{"line":99,"column":0},"end":{"line":99,"column":17}},"99":{"start":{"line":100,"column":0},"end":{"line":100,"column":13}},"100":{"start":{"line":101,"column":0},"end":{"line":101,"column":73}},"101":{"start":{"line":102,"column":0},"end":{"line":102,"column":48}},"102":{"start":{"line":103,"column":0},"end":{"line":103,"column":100}},"103":{"start":{"line":104,"column":0},"end":{"line":104,"column":18}},"104":{"start":{"line":105,"column":0},"end":{"line":105,"column":62}},"105":{"start":{"line":106,"column":0},"end":{"line":106,"column":141}},"106":{"start":{"line":107,"column":0},"end":{"line":107,"column":27}},"107":{"start":{"line":108,"column":0},"end":{"line":108,"column":22}},"108":{"start":{"line":109,"column":0},"end":{"line":109,"column":29}},"109":{"start":{"line":110,"column":0},"end":{"line":110,"column":31}},"110":{"start":{"line":111,"column":0},"end":{"line":111,"column":88}},"111":{"start":{"line":112,"column":0},"end":{"line":112,"column":36}},"112":{"start":{"line":113,"column":0},"end":{"line":113,"column":18}},"113":{"start":{"line":114,"column":0},"end":{"line":114,"column":22}},"114":{"start":{"line":115,"column":0},"end":{"line":115,"column":18}},"115":{"start":{"line":116,"column":0},"end":{"line":116,"column":0}},"116":{"start":{"line":117,"column":0},"end":{"line":117,"column":56}},"117":{"start":{"line":118,"column":0},"end":{"line":118,"column":64}},"118":{"start":{"line":119,"column":0},"end":{"line":119,"column":54}},"119":{"start":{"line":120,"column":0},"end":{"line":120,"column":69}},"120":{"start":{"line":121,"column":0},"end":{"line":121,"column":40}},"121":{"start":{"line":122,"column":0},"end":{"line":122,"column":55}},"122":{"start":{"line":123,"column":0},"end":{"line":123,"column":107}},"123":{"start":{"line":124,"column":0},"end":{"line":124,"column":83}},"124":{"start":{"line":125,"column":0},"end":{"line":125,"column":22}},"125":{"start":{"line":126,"column":0},"end":{"line":126,"column":25}},"126":{"start":{"line":127,"column":0},"end":{"line":127,"column":47}},"127":{"start":{"line":128,"column":0},"end":{"line":128,"column":90}},"128":{"start":{"line":129,"column":0},"end":{"line":129,"column":19}},"129":{"start":{"line":130,"column":0},"end":{"line":130,"column":42}},"130":{"start":{"line":131,"column":0},"end":{"line":131,"column":27}},"131":{"start":{"line":132,"column":0},"end":{"line":132,"column":22}},"132":{"start":{"line":133,"column":0},"end":{"line":133,"column":20}},"133":{"start":{"line":134,"column":0},"end":{"line":134,"column":18}},"134":{"start":{"line":135,"column":0},"end":{"line":135,"column":0}},"135":{"start":{"line":136,"column":0},"end":{"line":136,"column":23}},"136":{"start":{"line":137,"column":0},"end":{"line":137,"column":106}},"137":{"start":{"line":138,"column":0},"end":{"line":138,"column":85}},"138":{"start":{"line":139,"column":0},"end":{"line":139,"column":63}},"139":{"start":{"line":140,"column":0},"end":{"line":140,"column":20}},"140":{"start":{"line":141,"column":0},"end":{"line":141,"column":14}},"141":{"start":{"line":142,"column":0},"end":{"line":142,"column":0}},"142":{"start":{"line":143,"column":0},"end":{"line":143,"column":68}},"143":{"start":{"line":144,"column":0},"end":{"line":144,"column":106}},"144":{"start":{"line":145,"column":0},"end":{"line":145,"column":85}},"145":{"start":{"line":146,"column":0},"end":{"line":146,"column":78}},"146":{"start":{"line":147,"column":0},"end":{"line":147,"column":20}},"147":{"start":{"line":148,"column":0},"end":{"line":148,"column":14}},"148":{"start":{"line":149,"column":0},"end":{"line":149,"column":13}},"149":{"start":{"line":150,"column":0},"end":{"line":150,"column":10}},"150":{"start":{"line":151,"column":0},"end":{"line":151,"column":12}},"151":{"start":{"line":152,"column":0},"end":{"line":152,"column":0}},"152":{"start":{"line":153,"column":0},"end":{"line":153,"column":26}},"153":{"start":{"line":154,"column":0},"end":{"line":154,"column":62}},"154":{"start":{"line":155,"column":0},"end":{"line":155,"column":93}},"155":{"start":{"line":156,"column":0},"end":{"line":156,"column":81}},"156":{"start":{"line":157,"column":0},"end":{"line":157,"column":70}},"157":{"start":{"line":158,"column":0},"end":{"line":158,"column":77}},"158":{"start":{"line":159,"column":0},"end":{"line":159,"column":80}},"159":{"start":{"line":160,"column":0},"end":{"line":160,"column":62}},"160":{"start":{"line":161,"column":0},"end":{"line":161,"column":78}},"161":{"start":{"line":162,"column":0},"end":{"line":162,"column":105}},"162":{"start":{"line":163,"column":0},"end":{"line":163,"column":13}},"163":{"start":{"line":164,"column":0},"end":{"line":164,"column":12}},"164":{"start":{"line":165,"column":0},"end":{"line":165,"column":10}},"165":{"start":{"line":166,"column":0},"end":{"line":166,"column":4}},"166":{"start":{"line":167,"column":0},"end":{"line":167,"column":1}}},"s":{"0":1,"1":1,"2":1,"3":1,"4":1,"5":1,"6":1,"7":1,"8":1,"9":1,"10":6,"11":6,"12":6,"13":6,"14":6,"15":6,"16":0,"17":0,"18":0,"19":0,"20":0,"21":0,"22":0,"23":0,"24":0,"25":0,"26":0,"27":0,"28":6,"29":6,"30":6,"31":0,"32":0,"33":0,"34":0,"35":6,"36":6,"37":6,"38":0,"39":0,"40":0,"41":0,"42":0,"43":0,"44":0,"45":6,"46":6,"47":6,"48":6,"49":6,"50":6,"51":6,"52":6,"53":6,"54":6,"55":6,"56":6,"57":6,"58":1,"59":1,"60":1,"61":1,"62":1,"63":1,"64":1,"65":1,"66":1,"67":1,"68":1,"69":1,"70":1,"71":1,"72":1,"73":5,"74":2,"75":2,"76":2,"77":2,"78":2,"79":2,"80":2,"81":2,"82":2,"83":2,"84":2,"85":2,"86":2,"87":3,"88":3,"89":3,"90":3,"91":3,"92":3,"93":3,"94":3,"95":3,"96":0,"97":3,"98":3,"99":3,"100":3,"101":3,"102":3,"103":3,"104":3,"105":3,"106":3,"107":3,"108":3,"109":3,"110":3,"111":3,"112":3,"113":3,"114":3,"115":3,"116":3,"117":3,"118":3,"119":3,"120":3,"121":3,"122":3,"123":3,"124":3,"125":3,"126":3,"127":3,"128":3,"129":3,"130":3,"131":3,"132":3,"133":3,"134":3,"135":3,"136":0,"137":0,"138":0,"139":0,"140":3,"141":3,"142":3,"143":1,"144":1,"145":1,"146":1,"147":3,"148":3,"149":6,"150":6,"151":6,"152":6,"153":6,"154":6,"155":6,"156":6,"157":6,"158":6,"159":6,"160":6,"161":6,"162":6,"163":6,"164":6,"165":6,"166":6},"branchMap":{"0":{"type":"branch","line":10,"loc":{"start":{"line":10,"column":7},"end":{"line":167,"column":1}},"locations":[{"start":{"line":10,"column":7},"end":{"line":167,"column":1}}]},"1":{"type":"branch","line":14,"loc":{"start":{"line":14,"column":41},"end":{"line":14,"column":85}},"locations":[{"start":{"line":14,"column":41},"end":{"line":14,"column":85}}]},"2":{"type":"branch","line":58,"loc":{"start":{"line":58,"column":9},"end":{"line":73,"column":16}},"locations":[{"start":{"line":58,"column":9},"end":{"line":73,"column":16}}]},"3":{"type":"branch","line":62,"loc":{"start":{"line":62,"column":34},"end":{"line":62,"column":75}},"locations":[{"start":{"line":62,"column":34},"end":{"line":62,"column":75}}]},"4":{"type":"branch","line":70,"loc":{"start":{"line":70,"column":43},"end":{"line":70,"column":56}},"locations":[{"start":{"line":70,"column":43},"end":{"line":70,"column":56}}]},"5":{"type":"branch","line":73,"loc":{"start":{"line":73,"column":10},"end":{"line":149,"column":13}},"locations":[{"start":{"line":73,"column":10},"end":{"line":149,"column":13}}]},"6":{"type":"branch","line":74,"loc":{"start":{"line":74,"column":31},"end":{"line":87,"column":16}},"locations":[{"start":{"line":74,"column":31},"end":{"line":87,"column":16}}]},"7":{"type":"branch","line":87,"loc":{"start":{"line":87,"column":10},"end":{"line":149,"column":13}},"locations":[{"start":{"line":87,"column":10},"end":{"line":149,"column":13}}]},"8":{"type":"branch","line":96,"loc":{"start":{"line":96,"column":16},"end":{"line":97,"column":48}},"locations":[{"start":{"line":96,"column":16},"end":{"line":97,"column":48}}]},"9":{"type":"branch","line":136,"loc":{"start":{"line":136,"column":13},"end":{"line":140,"column":20}},"locations":[{"start":{"line":136,"column":13},"end":{"line":140,"column":20}}]},"10":{"type":"branch","line":143,"loc":{"start":{"line":143,"column":32},"end":{"line":143,"column":68}},"locations":[{"start":{"line":143,"column":32},"end":{"line":143,"column":68}}]},"11":{"type":"branch","line":143,"loc":{"start":{"line":143,"column":50},"end":{"line":147,"column":20}},"locations":[{"start":{"line":143,"column":50},"end":{"line":147,"column":20}}]}},"b":{"0":[6],"1":[5],"2":[1],"3":[0],"4":[0],"5":[5],"6":[2],"7":[3],"8":[0],"9":[0],"10":[1],"11":[1]},"fnMap":{"0":{"name":"ImportPanel","decl":{"start":{"line":10,"column":7},"end":{"line":167,"column":1}},"loc":{"start":{"line":10,"column":7},"end":{"line":167,"column":1}},"line":10},"1":{"name":"onDragOver","decl":{"start":{"line":93,"column":26},"end":{"line":93,"column":78}},"loc":{"start":{"line":93,"column":26},"end":{"line":93,"column":78}},"line":93},"2":{"name":"onDragLeave","decl":{"start":{"line":94,"column":27},"end":{"line":94,"column":54}},"loc":{"start":{"line":94,"column":27},"end":{"line":94,"column":54}},"line":94},"3":{"name":"onChange","decl":{"start":{"line":111,"column":28},"end":{"line":111,"column":88}},"loc":{"start":{"line":111,"column":28},"end":{"line":111,"column":88}},"line":111}},"f":{"0":6,"1":0,"2":0,"3":0}}
,"/home/mrf/Projects/personal-health-dashboard/frontend/src/components/charts/HeartRateChart.tsx": {"path":"/home/mrf/Projects/personal-health-dashboard/frontend/src/components/charts/HeartRateChart.tsx","all":true,"statementMap":{"0":{"start":{"line":1,"column":0},"end":{"line":1,"column":61}},"1":{"start":{"line":2,"column":0},"end":{"line":2,"column":117}},"2":{"start":{"line":3,"column":0},"end":{"line":3,"column":0}},"3":{"start":{"line":4,"column":0},"end":{"line":4,"column":31}},"4":{"start":{"line":5,"column":0},"end":{"line":5,"column":16}},"5":{"start":{"line":6,"column":0},"end":{"line":6,"column":1}},"6":{"start":{"line":7,"column":0},"end":{"line":7,"column":0}},"7":{"start":{"line":8,"column":0},"end":{"line":8,"column":68}},"8":{"start":{"line":9,"column":0},"end":{"line":9,"column":72}},"9":{"start":{"line":10,"column":0},"end":{"line":10,"column":0}},"10":{"start":{"line":11,"column":0},"end":{"line":11,"column":16}},"11":{"start":{"line":12,"column":0},"end":{"line":12,"column":12}},"12":{"start":{"line":13,"column":0},"end":{"line":13,"column":75}},"13":{"start":{"line":14,"column":0},"end":{"line":14,"column":34}},"14":{"start":{"line":15,"column":0},"end":{"line":15,"column":12}},"15":{"start":{"line":16,"column":0},"end":{"line":16,"column":6}},"16":{"start":{"line":17,"column":0},"end":{"line":17,"column":3}},"17":{"start":{"line":18,"column":0},"end":{"line":18,"column":0}},"18":{"start":{"line":19,"column":0},"end":{"line":19,"column":14}},"19":{"start":{"line":20,"column":0},"end":{"line":20,"column":12}},"20":{"start":{"line":21,"column":0},"end":{"line":21,"column":74}},"21":{"start":{"line":22,"column":0},"end":{"line":22,"column":22}},"22":{"start":{"line":23,"column":0},"end":{"line":23,"column":12}},"23":{"start":{"line":24,"column":0},"end":{"line":24,"column":6}},"24":{"start":{"line":25,"column":0},"end":{"line":25,"column":3}},"25":{"start":{"line":26,"column":0},"end":{"line":26,"column":0}},"26":{"start":{"line":27,"column":0},"end":{"line":27,"column":21}},"27":{"start":{"line":28,"column":0},"end":{"line":28,"column":12}},"28":{"start":{"line":29,"column":0},"end":{"line":29,"column":75}},"29":{"start":{"line":30,"column":0},"end":{"line":30,"column":36}},"30":{"start":{"line":31,"column":0},"end":{"line":31,"column":12}},"31":{"start":{"line":32,"column":0},"end":{"line":32,"column":6}},"32":{"start":{"line":33,"column":0},"end":{"line":33,"column":3}},"33":{"start":{"line":34,"column":0},"end":{"line":34,"column":0}},"34":{"start":{"line":35,"column":0},"end":{"line":35,"column":40}},"35":{"start":{"line":36,"column":0},"end":{"line":36,"column":34}},"36":{"start":{"line":37,"column":0},"end":{"line":37,"column":34}},"37":{"start":{"line":38,"column":0},"end":{"line":38,"column":68}},"38":{"start":{"line":39,"column":0},"end":{"line":39,"column":0}},"39":{"start":{"line":40,"column":0},"end":{"line":40,"column":10}},"40":{"start":{"line":41,"column":0},"end":{"line":41,"column":9}},"41":{"start":{"line":42,"column":0},"end":{"line":42,"column":47}},"42":{"start":{"line":43,"column":0},"end":{"line":43,"column":13}},"43":{"start":{"line":44,"column":0},"end":{"line":44,"column":54}},"44":{"start":{"line":45,"column":0},"end":{"line":45,"column":68}},"45":{"start":{"line":46,"column":0},"end":{"line":46,"column":14}},"46":{"start":{"line":47,"column":0},"end":{"line":47,"column":13}},"47":{"start":{"line":48,"column":0},"end":{"line":48,"column":54}},"48":{"start":{"line":49,"column":0},"end":{"line":49,"column":72}},"49":{"start":{"line":50,"column":0},"end":{"line":50,"column":14}},"50":{"start":{"line":51,"column":0},"end":{"line":51,"column":13}},"51":{"start":{"line":52,"column":0},"end":{"line":52,"column":54}},"52":{"start":{"line":53,"column":0},"end":{"line":53,"column":68}},"53":{"start":{"line":54,"column":0},"end":{"line":54,"column":14}},"54":{"start":{"line":55,"column":0},"end":{"line":55,"column":12}},"55":{"start":{"line":56,"column":0},"end":{"line":56,"column":53}},"56":{"start":{"line":57,"column":0},"end":{"line":57,"column":81}},"57":{"start":{"line":58,"column":0},"end":{"line":58,"column":66}},"58":{"start":{"line":59,"column":0},"end":{"line":59,"column":16}},"59":{"start":{"line":60,"column":0},"end":{"line":60,"column":26}},"60":{"start":{"line":61,"column":0},"end":{"line":61,"column":116}},"61":{"start":{"line":62,"column":0},"end":{"line":62,"column":52}},"62":{"start":{"line":63,"column":0},"end":{"line":63,"column":28}},"63":{"start":{"line":64,"column":0},"end":{"line":64,"column":44}},"64":{"start":{"line":65,"column":0},"end":{"line":65,"column":12}},"65":{"start":{"line":66,"column":0},"end":{"line":66,"column":16}},"66":{"start":{"line":67,"column":0},"end":{"line":67,"column":51}},"67":{"start":{"line":68,"column":0},"end":{"line":68,"column":52}},"68":{"start":{"line":69,"column":0},"end":{"line":69,"column":28}},"69":{"start":{"line":70,"column":0},"end":{"line":70,"column":28}},"70":{"start":{"line":71,"column":0},"end":{"line":71,"column":12}},"71":{"start":{"line":72,"column":0},"end":{"line":72,"column":18}},"72":{"start":{"line":73,"column":0},"end":{"line":73,"column":133}},"73":{"start":{"line":74,"column":0},"end":{"line":74,"column":85}},"74":{"start":{"line":75,"column":0},"end":{"line":75,"column":79}},"75":{"start":{"line":76,"column":0},"end":{"line":76,"column":12}},"76":{"start":{"line":77,"column":0},"end":{"line":77,"column":24}},"77":{"start":{"line":78,"column":0},"end":{"line":78,"column":23}},"78":{"start":{"line":79,"column":0},"end":{"line":79,"column":28}},"79":{"start":{"line":80,"column":0},"end":{"line":80,"column":33}},"80":{"start":{"line":81,"column":0},"end":{"line":81,"column":12}},"81":{"start":{"line":82,"column":0},"end":{"line":82,"column":15}},"82":{"start":{"line":83,"column":0},"end":{"line":83,"column":27}},"83":{"start":{"line":84,"column":0},"end":{"line":84,"column":27}},"84":{"start":{"line":85,"column":0},"end":{"line":85,"column":28}},"85":{"start":{"line":86,"column":0},"end":{"line":86,"column":27}},"86":{"start":{"line":87,"column":0},"end":{"line":87,"column":59}},"87":{"start":{"line":88,"column":0},"end":{"line":88,"column":49}},"88":{"start":{"line":89,"column":0},"end":{"line":89,"column":12}},"89":{"start":{"line":90,"column":0},"end":{"line":90,"column":20}},"90":{"start":{"line":91,"column":0},"end":{"line":91,"column":28}},"91":{"start":{"line":92,"column":0},"end":{"line":92,"column":10}},"92":{"start":{"line":93,"column":0},"end":{"line":93,"column":4}},"93":{"start":{"line":94,"column":0},"end":{"line":94,"column":1}}},"s":{"0":0,"1":0,"2":0,"3":0,"4":0,"5":0,"6":0,"7":0,"8":0,"9":0,"10":0,"11":0,"12":0,"13":0,"14":0,"15":0,"16":0,"17":0,"18":0,"19":0,"20":0,"21":0,"22":0,"23":0,"24":0,"25":0,"26":0,"27":0,"28":0,"29":0,"30":0,"31":0,"32":0,"33":0,"34":0,"35":0,"36":0,"37":0,"38":0,"39":0,"40":0,"41":0,"42":0,"43":0,"44":0,"45":0,"46":0,"47":0,"48":0,"49":0,"50":0,"51":0,"52":0,"53":0,"54":0,"55":0,"56":0,"57":0,"58":0,"59":0,"60":0,"61":0,"62":0,"63":0,"64":0,"65":0,"66":0,"67":0,"68":0,"69":0,"70":0,"71":0,"72":0,"73":0,"74":0,"75":0,"76":0,"77":0,"78":0,"79":0,"80":0,"81":0,"82":0,"83":0,"84":0,"85":0,"86":0,"87":0,"88":0,"89":0,"90":0,"91":0,"92":0,"93":0},"branchMap":{"0":{"type":"branch","line":1,"loc":{"start":{"line":1,"column":0},"end":{"line":94,"column":-1786}},"locations":[{"start":{"line":1,"column":0},"end":{"line":94,"column":-1786}}]}},"b":{"0":[0]},"fnMap":{"0":{"name":"(empty-report)","decl":{"start":{"line":1,"column":0},"end":{"line":94,"column":-1786}},"loc":{"start":{"line":1,"column":0},"end":{"line":94,"column":-1786}},"line":1}},"f":{"0":0}}
,"/home/mrf/Projects/personal-health-dashboard/frontend/src/components/charts/SleepChart.tsx": {"path":"/home/mrf/Projects/personal-health-dashboard/frontend/src/components/charts/SleepChart.tsx","all":true,"statementMap":{"0":{"start":{"line":1,"column":0},"end":{"line":1,"column":61}},"1":{"start":{"line":2,"column":0},"end":{"line":2,"column":121}},"2":{"start":{"line":3,"column":0},"end":{"line":3,"column":0}},"3":{"start":{"line":4,"column":0},"end":{"line":4,"column":27}},"4":{"start":{"line":5,"column":0},"end":{"line":5,"column":16}},"5":{"start":{"line":6,"column":0},"end":{"line":6,"column":1}},"6":{"start":{"line":7,"column":0},"end":{"line":7,"column":0}},"7":{"start":{"line":8,"column":0},"end":{"line":8,"column":60}},"8":{"start":{"line":9,"column":0},"end":{"line":9,"column":67}},"9":{"start":{"line":10,"column":0},"end":{"line":10,"column":0}},"10":{"start":{"line":11,"column":0},"end":{"line":11,"column":16}},"11":{"start":{"line":12,"column":0},"end":{"line":12,"column":12}},"12":{"start":{"line":13,"column":0},"end":{"line":13,"column":75}},"13":{"start":{"line":14,"column":0},"end":{"line":14,"column":29}},"14":{"start":{"line":15,"column":0},"end":{"line":15,"column":12}},"15":{"start":{"line":16,"column":0},"end":{"line":16,"column":6}},"16":{"start":{"line":17,"column":0},"end":{"line":17,"column":3}},"17":{"start":{"line":18,"column":0},"end":{"line":18,"column":0}},"18":{"start":{"line":19,"column":0},"end":{"line":19,"column":14}},"19":{"start":{"line":20,"column":0},"end":{"line":20,"column":12}},"20":{"start":{"line":21,"column":0},"end":{"line":21,"column":74}},"21":{"start":{"line":22,"column":0},"end":{"line":22,"column":22}},"22":{"start":{"line":23,"column":0},"end":{"line":23,"column":12}},"23":{"start":{"line":24,"column":0},"end":{"line":24,"column":6}},"24":{"start":{"line":25,"column":0},"end":{"line":25,"column":3}},"25":{"start":{"line":26,"column":0},"end":{"line":26,"column":0}},"26":{"start":{"line":27,"column":0},"end":{"line":27,"column":21}},"27":{"start":{"line":28,"column":0},"end":{"line":28,"column":12}},"28":{"start":{"line":29,"column":0},"end":{"line":29,"column":75}},"29":{"start":{"line":30,"column":0},"end":{"line":30,"column":31}},"30":{"start":{"line":31,"column":0},"end":{"line":31,"column":12}},"31":{"start":{"line":32,"column":0},"end":{"line":32,"column":6}},"32":{"start":{"line":33,"column":0},"end":{"line":33,"column":3}},"33":{"start":{"line":34,"column":0},"end":{"line":34,"column":0}},"34":{"start":{"line":35,"column":0},"end":{"line":35,"column":74}},"35":{"start":{"line":36,"column":0},"end":{"line":36,"column":0}},"36":{"start":{"line":37,"column":0},"end":{"line":37,"column":54}},"37":{"start":{"line":38,"column":0},"end":{"line":38,"column":42}},"38":{"start":{"line":39,"column":0},"end":{"line":39,"column":67}},"39":{"start":{"line":40,"column":0},"end":{"line":40,"column":65}},"40":{"start":{"line":41,"column":0},"end":{"line":41,"column":66}},"41":{"start":{"line":42,"column":0},"end":{"line":42,"column":35}},"42":{"start":{"line":43,"column":0},"end":{"line":43,"column":4}},"43":{"start":{"line":44,"column":0},"end":{"line":44,"column":0}},"44":{"start":{"line":45,"column":0},"end":{"line":45,"column":10}},"45":{"start":{"line":46,"column":0},"end":{"line":46,"column":9}},"46":{"start":{"line":47,"column":0},"end":{"line":47,"column":47}},"47":{"start":{"line":48,"column":0},"end":{"line":48,"column":13}},"48":{"start":{"line":49,"column":0},"end":{"line":49,"column":58}},"49":{"start":{"line":50,"column":0},"end":{"line":50,"column":73}},"50":{"start":{"line":51,"column":0},"end":{"line":51,"column":14}},"51":{"start":{"line":52,"column":0},"end":{"line":52,"column":57}},"52":{"start":{"line":53,"column":0},"end":{"line":53,"column":52}},"53":{"start":{"line":54,"column":0},"end":{"line":54,"column":71}},"54":{"start":{"line":55,"column":0},"end":{"line":55,"column":17}},"55":{"start":{"line":56,"column":0},"end":{"line":56,"column":52}},"56":{"start":{"line":57,"column":0},"end":{"line":57,"column":80}},"57":{"start":{"line":58,"column":0},"end":{"line":58,"column":17}},"58":{"start":{"line":59,"column":0},"end":{"line":59,"column":52}},"59":{"start":{"line":60,"column":0},"end":{"line":60,"column":81}},"60":{"start":{"line":61,"column":0},"end":{"line":61,"column":17}},"61":{"start":{"line":62,"column":0},"end":{"line":62,"column":14}},"62":{"start":{"line":63,"column":0},"end":{"line":63,"column":12}},"63":{"start":{"line":64,"column":0},"end":{"line":64,"column":53}},"64":{"start":{"line":65,"column":0},"end":{"line":65,"column":80}},"65":{"start":{"line":66,"column":0},"end":{"line":66,"column":83}},"66":{"start":{"line":67,"column":0},"end":{"line":67,"column":16}},"67":{"start":{"line":68,"column":0},"end":{"line":68,"column":26}},"68":{"start":{"line":69,"column":0},"end":{"line":69,"column":116}},"69":{"start":{"line":70,"column":0},"end":{"line":70,"column":52}},"70":{"start":{"line":71,"column":0},"end":{"line":71,"column":28}},"71":{"start":{"line":72,"column":0},"end":{"line":72,"column":44}},"72":{"start":{"line":73,"column":0},"end":{"line":73,"column":12}},"73":{"start":{"line":74,"column":0},"end":{"line":74,"column":16}},"74":{"start":{"line":75,"column":0},"end":{"line":75,"column":28}},"75":{"start":{"line":76,"column":0},"end":{"line":76,"column":43}},"76":{"start":{"line":77,"column":0},"end":{"line":77,"column":52}},"77":{"start":{"line":78,"column":0},"end":{"line":78,"column":28}},"78":{"start":{"line":79,"column":0},"end":{"line":79,"column":28}},"79":{"start":{"line":80,"column":0},"end":{"line":80,"column":42}},"80":{"start":{"line":81,"column":0},"end":{"line":81,"column":12}},"81":{"start":{"line":82,"column":0},"end":{"line":82,"column":18}},"82":{"start":{"line":83,"column":0},"end":{"line":83,"column":133}},"83":{"start":{"line":84,"column":0},"end":{"line":84,"column":81}},"84":{"start":{"line":85,"column":0},"end":{"line":85,"column":79}},"85":{"start":{"line":86,"column":0},"end":{"line":86,"column":12}},"86":{"start":{"line":87,"column":0},"end":{"line":87,"column":72}},"87":{"start":{"line":88,"column":0},"end":{"line":88,"column":72}},"88":{"start":{"line":89,"column":0},"end":{"line":89,"column":24}},"89":{"start":{"line":90,"column":0},"end":{"line":90,"column":23}},"90":{"start":{"line":91,"column":0},"end":{"line":91,"column":28}},"91":{"start":{"line":92,"column":0},"end":{"line":92,"column":33}},"92":{"start":{"line":93,"column":0},"end":{"line":93,"column":110}},"93":{"start":{"line":94,"column":0},"end":{"line":94,"column":12}},"94":{"start":{"line":95,"column":0},"end":{"line":95,"column":69}},"95":{"start":{"line":96,"column":0},"end":{"line":96,"column":41}},"96":{"start":{"line":97,"column":0},"end":{"line":97,"column":66}},"97":{"start":{"line":98,"column":0},"end":{"line":98,"column":15}},"98":{"start":{"line":99,"column":0},"end":{"line":99,"column":16}},"99":{"start":{"line":100,"column":0},"end":{"line":100,"column":19}},"100":{"start":{"line":101,"column":0},"end":{"line":101,"column":28}},"101":{"start":{"line":102,"column":0},"end":{"line":102,"column":10}},"102":{"start":{"line":103,"column":0},"end":{"line":103,"column":4}},"103":{"start":{"line":104,"column":0},"end":{"line":104,"column":1}}},"s":{"0":0,"1":0,"2":0,"3":0,"4":0,"5":0,"6":0,"7":0,"8":0,"9":0,"10":0,"11":0,"12":0,"13":0,"14":0,"15":0,"16":0,"17":0,"18":0,"19":0,"20":0,"21":0,"22":0,"23":0,"24":0,"25":0,"26":0,"27":0,"28":0,"29":0,"30":0,"31":0,"32":0,"33":0,"34":0,"35":0,"36":0,"37":0,"38":0,"39":0,"40":0,"41":0,"42":0,"43":0,"44":0,"45":0,"46":0,"47":0,"48":0,"49":0,"50":0,"51":0,"52":0,"53":0,"54":0,"55":0,"56":0,"57":0,"58":0,"59":0,"60":0,"61":0,"62":0,"63":0,"64":0,"65":0,"66":0,"67":0,"68":0,"69":0,"70":0,"71":0,"72":0,"73":0,"74":0,"75":0,"76":0,"77":0,"78":0,"79":0,"80":0,"81":0,"82":0,"83":0,"84":0,"85":0,"86":0,"87":0,"88":0,"89":0,"90":0,"91":0,"92":0,"93":0,"94":0,"95":0,"96":0,"97":0,"98":0,"99":0,"100":0,"101":0,"102":0,"103":0},"branchMap":{"0":{"type":"branch","line":1,"loc":{"start":{"line":1,"column":0},"end":{"line":104,"column":-2229}},"locations":[{"start":{"line":1,"column":0},"end":{"line":104,"column":-2229}}]}},"b":{"0":[0]},"fnMap":{"0":{"name":"(empty-report)","decl":{"start":{"line":1,"column":0},"end":{"line":104,"column":-2229}},"loc":{"start":{"line":1,"column":0},"end":{"line":104,"column":-2229}},"line":1}},"f":{"0":0}}
,"/home/mrf/Projects/personal-health-dashboard/frontend/src/components/charts/StepsChart.tsx": {"path":"/home/mrf/Projects/personal-health-dashboard/frontend/src/components/charts/StepsChart.tsx","all":true,"statementMap":{"0":{"start":{"line":1,"column":0},"end":{"line":1,"column":61}},"1":{"start":{"line":2,"column":0},"end":{"line":2,"column":115}},"2":{"start":{"line":3,"column":0},"end":{"line":3,"column":0}},"3":{"start":{"line":4,"column":0},"end":{"line":4,"column":27}},"4":{"start":{"line":5,"column":0},"end":{"line":5,"column":16}},"5":{"start":{"line":6,"column":0},"end":{"line":6,"column":1}},"6":{"start":{"line":7,"column":0},"end":{"line":7,"column":0}},"7":{"start":{"line":8,"column":0},"end":{"line":8,"column":60}},"8":{"start":{"line":9,"column":0},"end":{"line":9,"column":67}},"9":{"start":{"line":10,"column":0},"end":{"line":10,"column":0}},"10":{"start":{"line":11,"column":0},"end":{"line":11,"column":16}},"11":{"start":{"line":12,"column":0},"end":{"line":12,"column":12}},"12":{"start":{"line":13,"column":0},"end":{"line":13,"column":75}},"13":{"start":{"line":14,"column":0},"end":{"line":14,"column":28}},"14":{"start":{"line":15,"column":0},"end":{"line":15,"column":12}},"15":{"start":{"line":16,"column":0},"end":{"line":16,"column":6}},"16":{"start":{"line":17,"column":0},"end":{"line":17,"column":3}},"17":{"start":{"line":18,"column":0},"end":{"line":18,"column":0}},"18":{"start":{"line":19,"column":0},"end":{"line":19,"column":14}},"19":{"start":{"line":20,"column":0},"end":{"line":20,"column":12}},"20":{"start":{"line":21,"column":0},"end":{"line":21,"column":74}},"21":{"start":{"line":22,"column":0},"end":{"line":22,"column":22}},"22":{"start":{"line":23,"column":0},"end":{"line":23,"column":12}},"23":{"start":{"line":24,"column":0},"end":{"line":24,"column":6}},"24":{"start":{"line":25,"column":0},"end":{"line":25,"column":3}},"25":{"start":{"line":26,"column":0},"end":{"line":26,"column":0}},"26":{"start":{"line":27,"column":0},"end":{"line":27,"column":21}},"27":{"start":{"line":28,"column":0},"end":{"line":28,"column":12}},"28":{"start":{"line":29,"column":0},"end":{"line":29,"column":75}},"29":{"start":{"line":30,"column":0},"end":{"line":30,"column":30}},"30":{"start":{"line":31,"column":0},"end":{"line":31,"column":12}},"31":{"start":{"line":32,"column":0},"end":{"line":32,"column":6}},"32":{"start":{"line":33,"column":0},"end":{"line":33,"column":3}},"33":{"start":{"line":34,"column":0},"end":{"line":34,"column":0}},"34":{"start":{"line":35,"column":0},"end":{"line":35,"column":74}},"35":{"start":{"line":36,"column":0},"end":{"line":36,"column":0}},"36":{"start":{"line":37,"column":0},"end":{"line":37,"column":10}},"37":{"start":{"line":38,"column":0},"end":{"line":38,"column":51}},"38":{"start":{"line":39,"column":0},"end":{"line":39,"column":78}},"39":{"start":{"line":40,"column":0},"end":{"line":40,"column":81}},"40":{"start":{"line":41,"column":0},"end":{"line":41,"column":14}},"41":{"start":{"line":42,"column":0},"end":{"line":42,"column":24}},"42":{"start":{"line":43,"column":0},"end":{"line":43,"column":114}},"43":{"start":{"line":44,"column":0},"end":{"line":44,"column":50}},"44":{"start":{"line":45,"column":0},"end":{"line":45,"column":26}},"45":{"start":{"line":46,"column":0},"end":{"line":46,"column":42}},"46":{"start":{"line":47,"column":0},"end":{"line":47,"column":10}},"47":{"start":{"line":48,"column":0},"end":{"line":48,"column":14}},"48":{"start":{"line":49,"column":0},"end":{"line":49,"column":92}},"49":{"start":{"line":50,"column":0},"end":{"line":50,"column":50}},"50":{"start":{"line":51,"column":0},"end":{"line":51,"column":26}},"51":{"start":{"line":52,"column":0},"end":{"line":52,"column":26}},"52":{"start":{"line":53,"column":0},"end":{"line":53,"column":10}},"53":{"start":{"line":54,"column":0},"end":{"line":54,"column":16}},"54":{"start":{"line":55,"column":0},"end":{"line":55,"column":131}},"55":{"start":{"line":56,"column":0},"end":{"line":56,"column":74}},"56":{"start":{"line":57,"column":0},"end":{"line":57,"column":77}},"57":{"start":{"line":58,"column":0},"end":{"line":58,"column":10}},"58":{"start":{"line":59,"column":0},"end":{"line":59,"column":22}},"59":{"start":{"line":60,"column":0},"end":{"line":60,"column":21}},"60":{"start":{"line":61,"column":0},"end":{"line":61,"column":26}},"61":{"start":{"line":62,"column":0},"end":{"line":62,"column":31}},"62":{"start":{"line":63,"column":0},"end":{"line":63,"column":125}},"63":{"start":{"line":64,"column":0},"end":{"line":64,"column":10}},"64":{"start":{"line":65,"column":0},"end":{"line":65,"column":22}},"65":{"start":{"line":66,"column":0},"end":{"line":66,"column":19}},"66":{"start":{"line":67,"column":0},"end":{"line":67,"column":26}},"67":{"start":{"line":68,"column":0},"end":{"line":68,"column":31}},"68":{"start":{"line":69,"column":0},"end":{"line":69,"column":89}},"69":{"start":{"line":70,"column":0},"end":{"line":70,"column":10}},"70":{"start":{"line":71,"column":0},"end":{"line":71,"column":12}},"71":{"start":{"line":72,"column":0},"end":{"line":72,"column":25}},"72":{"start":{"line":73,"column":0},"end":{"line":73,"column":24}},"73":{"start":{"line":74,"column":0},"end":{"line":74,"column":31}},"74":{"start":{"line":75,"column":0},"end":{"line":75,"column":25}},"75":{"start":{"line":76,"column":0},"end":{"line":76,"column":10}},"76":{"start":{"line":77,"column":0},"end":{"line":77,"column":17}},"77":{"start":{"line":78,"column":0},"end":{"line":78,"column":26}},"78":{"start":{"line":79,"column":0},"end":{"line":79,"column":4}},"79":{"start":{"line":80,"column":0},"end":{"line":80,"column":1}}},"s":{"0":0,"1":0,"2":0,"3":0,"4":0,"5":0,"6":0,"7":0,"8":0,"9":0,"10":0,"11":0,"12":0,"13":0,"14":0,"15":0,"16":0,"17":0,"18":0,"19":0,"20":0,"21":0,"22":0,"23":0,"24":0,"25":0,"26":0,"27":0,"28":0,"29":0,"30":0,"31":0,"32":0,"33":0,"34":0,"35":0,"36":0,"37":0,"38":0,"39":0,"40":0,"41":0,"42":0,"43":0,"44":0,"45":0,"46":0,"47":0,"48":0,"49":0,"50":0,"51":0,"52":0,"53":0,"54":0,"55":0,"56":0,"57":0,"58":0,"59":0,"60":0,"61":0,"62":0,"63":0,"64":0,"65":0,"66":0,"67":0,"68":0,"69":0,"70":0,"71":0,"72":0,"73":0,"74":0,"75":0,"76":0,"77":0,"78":0,"79":0},"branchMap":{"0":{"type":"branch","line":1,"loc":{"start":{"line":1,"column":0},"end":{"line":80,"column":-1324}},"locations":[{"start":{"line":1,"column":0},"end":{"line":80,"column":-1324}}]}},"b":{"0":[0]},"fnMap":{"0":{"name":"(empty-report)","decl":{"start":{"line":1,"column":0},"end":{"line":80,"column":-1324}},"loc":{"start":{"line":1,"column":0},"end":{"line":80,"column":-1324}},"line":1}},"f":{"0":0}}
,"/home/mrf/Projects/personal-health-dashboard/frontend/src/components/charts/WeightChart.tsx": {"path":"/home/mrf/Projects/personal-health-dashboard/frontend/src/components/charts/WeightChart.tsx","all":true,"statementMap":{"0":{"start":{"line":1,"column":0},"end":{"line":1,"column":61}},"1":{"start":{"line":2,"column":0},"end":{"line":2,"column":102}},"2":{"start":{"line":3,"column":0},"end":{"line":3,"column":0}},"3":{"start":{"line":4,"column":0},"end":{"line":4,"column":28}},"4":{"start":{"line":5,"column":0},"end":{"line":5,"column":16}},"5":{"start":{"line":6,"column":0},"end":{"line":6,"column":1}},"6":{"start":{"line":7,"column":0},"end":{"line":7,"column":0}},"7":{"start":{"line":8,"column":0},"end":{"line":8,"column":62}},"8":{"start":{"line":9,"column":0},"end":{"line":9,"column":68}},"9":{"start":{"line":10,"column":0},"end":{"line":10,"column":0}},"10":{"start":{"line":11,"column":0},"end":{"line":11,"column":16}},"11":{"start":{"line":12,"column":0},"end":{"line":12,"column":12}},"12":{"start":{"line":13,"column":0},"end":{"line":13,"column":75}},"13":{"start":{"line":14,"column":0},"end":{"line":14,"column":30}},"14":{"start":{"line":15,"column":0},"end":{"line":15,"column":12}},"15":{"start":{"line":16,"column":0},"end":{"line":16,"column":6}},"16":{"start":{"line":17,"column":0},"end":{"line":17,"column":3}},"17":{"start":{"line":18,"column":0},"end":{"line":18,"column":0}},"18":{"start":{"line":19,"column":0},"end":{"line":19,"column":14}},"19":{"start":{"line":20,"column":0},"end":{"line":20,"column":12}},"20":{"start":{"line":21,"column":0},"end":{"line":21,"column":74}},"21":{"start":{"line":22,"column":0},"end":{"line":22,"column":22}},"22":{"start":{"line":23,"column":0},"end":{"line":23,"column":12}},"23":{"start":{"line":24,"column":0},"end":{"line":24,"column":6}},"24":{"start":{"line":25,"column":0},"end":{"line":25,"column":3}},"25":{"start":{"line":26,"column":0},"end":{"line":26,"column":0}},"26":{"start":{"line":27,"column":0},"end":{"line":27,"column":21}},"27":{"start":{"line":28,"column":0},"end":{"line":28,"column":12}},"28":{"start":{"line":29,"column":0},"end":{"line":29,"column":75}},"29":{"start":{"line":30,"column":0},"end":{"line":30,"column":32}},"30":{"start":{"line":31,"column":0},"end":{"line":31,"column":12}},"31":{"start":{"line":32,"column":0},"end":{"line":32,"column":6}},"32":{"start":{"line":33,"column":0},"end":{"line":33,"column":3}},"33":{"start":{"line":34,"column":0},"end":{"line":34,"column":0}},"34":{"start":{"line":35,"column":0},"end":{"line":35,"column":40}},"35":{"start":{"line":36,"column":0},"end":{"line":36,"column":34}},"36":{"start":{"line":37,"column":0},"end":{"line":37,"column":34}},"37":{"start":{"line":38,"column":0},"end":{"line":38,"column":44}},"38":{"start":{"line":39,"column":0},"end":{"line":39,"column":26}},"39":{"start":{"line":40,"column":0},"end":{"line":40,"column":33}},"40":{"start":{"line":41,"column":0},"end":{"line":41,"column":0}},"41":{"start":{"line":42,"column":0},"end":{"line":42,"column":10}},"42":{"start":{"line":43,"column":0},"end":{"line":43,"column":9}},"43":{"start":{"line":44,"column":0},"end":{"line":44,"column":47}},"44":{"start":{"line":45,"column":0},"end":{"line":45,"column":13}},"45":{"start":{"line":46,"column":0},"end":{"line":46,"column":58}},"46":{"start":{"line":47,"column":0},"end":{"line":47,"column":70}},"47":{"start":{"line":48,"column":0},"end":{"line":48,"column":14}},"48":{"start":{"line":49,"column":0},"end":{"line":49,"column":13}},"49":{"start":{"line":50,"column":0},"end":{"line":50,"column":57}},"50":{"start":{"line":51,"column":0},"end":{"line":51,"column":110}},"51":{"start":{"line":52,"column":0},"end":{"line":52,"column":57}},"52":{"start":{"line":53,"column":0},"end":{"line":53,"column":17}},"53":{"start":{"line":54,"column":0},"end":{"line":54,"column":14}},"54":{"start":{"line":55,"column":0},"end":{"line":55,"column":13}},"55":{"start":{"line":56,"column":0},"end":{"line":56,"column":56}},"56":{"start":{"line":57,"column":0},"end":{"line":57,"column":85}},"57":{"start":{"line":58,"column":0},"end":{"line":58,"column":14}},"58":{"start":{"line":59,"column":0},"end":{"line":59,"column":12}},"59":{"start":{"line":60,"column":0},"end":{"line":60,"column":53}},"60":{"start":{"line":61,"column":0},"end":{"line":61,"column":81}},"61":{"start":{"line":62,"column":0},"end":{"line":62,"column":66}},"62":{"start":{"line":63,"column":0},"end":{"line":63,"column":16}},"63":{"start":{"line":64,"column":0},"end":{"line":64,"column":26}},"64":{"start":{"line":65,"column":0},"end":{"line":65,"column":116}},"65":{"start":{"line":66,"column":0},"end":{"line":66,"column":52}},"66":{"start":{"line":67,"column":0},"end":{"line":67,"column":28}},"67":{"start":{"line":68,"column":0},"end":{"line":68,"column":44}},"68":{"start":{"line":69,"column":0},"end":{"line":69,"column":12}},"69":{"start":{"line":70,"column":0},"end":{"line":70,"column":16}},"70":{"start":{"line":71,"column":0},"end":{"line":71,"column":62}},"71":{"start":{"line":72,"column":0},"end":{"line":72,"column":52}},"72":{"start":{"line":73,"column":0},"end":{"line":73,"column":28}},"73":{"start":{"line":74,"column":0},"end":{"line":74,"column":28}},"74":{"start":{"line":75,"column":0},"end":{"line":75,"column":43}},"75":{"start":{"line":76,"column":0},"end":{"line":76,"column":12}},"76":{"start":{"line":77,"column":0},"end":{"line":77,"column":18}},"77":{"start":{"line":78,"column":0},"end":{"line":78,"column":133}},"78":{"start":{"line":79,"column":0},"end":{"line":79,"column":79}},"79":{"start":{"line":80,"column":0},"end":{"line":80,"column":79}},"80":{"start":{"line":81,"column":0},"end":{"line":81,"column":12}},"81":{"start":{"line":82,"column":0},"end":{"line":82,"column":15}},"82":{"start":{"line":83,"column":0},"end":{"line":83,"column":27}},"83":{"start":{"line":84,"column":0},"end":{"line":84,"column":27}},"84":{"start":{"line":85,"column":0},"end":{"line":85,"column":28}},"85":{"start":{"line":86,"column":0},"end":{"line":86,"column":27}},"86":{"start":{"line":87,"column":0},"end":{"line":87,"column":59}},"87":{"start":{"line":88,"column":0},"end":{"line":88,"column":49}},"88":{"start":{"line":89,"column":0},"end":{"line":89,"column":12}},"89":{"start":{"line":90,"column":0},"end":{"line":90,"column":20}},"90":{"start":{"line":91,"column":0},"end":{"line":91,"column":28}},"91":{"start":{"line":92,"column":0},"end":{"line":92,"column":10}},"92":{"start":{"line":93,"column":0},"end":{"line":93,"column":4}},"93":{"start":{"line":94,"column":0},"end":{"line":94,"column":1}}},"s":{"0":0,"1":0,"2":0,"3":0,"4":0,"5":0,"6":0,"7":0,"8":0,"9":0,"10":0,"11":0,"12":0,"13":0,"14":0,"15":0,"16":0,"17":0,"18":0,"19":0,"20":0,"21":0,"22":0,"23":0,"24":0,"25":0,"26":0,"27":0,"28":0,"29":0,"30":0,"31":0,"32":0,"33":0,"34":0,"35":0,"36":0,"37":0,"38":0,"39":0,"40":0,"41":0,"42":0,"43":0,"44":0,"45":0,"46":0,"47":0,"48":0,"49":0,"50":0,"51":0,"52":0,"53":0,"54":0,"55":0,"56":0,"57":0,"58":0,"59":0,"60":0,"61":0,"62":0,"63":0,"64":0,"65":0,"66":0,"67":0,"68":0,"69":0,"70":0,"71":0,"72":0,"73":0,"74":0,"75":0,"76":0,"77":0,"78":0,"79":0,"80":0,"81":0,"82":0,"83":0,"84":0,"85":0,"86":0,"87":0,"88":0,"89":0,"90":0,"91":0,"92":0,"93":0},"branchMap":{"0":{"type":"branch","line":1,"loc":{"start":{"line":1,"column":0},"end":{"line":94,"column":-1830}},"locations":[{"start":{"line":1,"column":0},"end":{"line":94,"column":-1830}}]}},"b":{"0":[0]},"fnMap":{"0":{"name":"(empty-report)","decl":{"start":{"line":1,"column":0},"end":{"line":94,"column":-1830}},"loc":{"start":{"line":1,"column":0},"end":{"line":94,"column":-1830}},"line":1}},"f":{"0":0}}
,"/home/mrf/Projects/personal-health-dashboard/frontend/src/components/insights/Correlations.tsx": {"path":"/home/mrf/Projects/personal-health-dashboard/frontend/src/components/insights/Correlations.tsx","all":false,"statementMap":{"0":{"start":{"line":1,"column":0},"end":{"line":1,"column":56}},"1":{"start":{"line":2,"column":0},"end":{"line":2,"column":60}},"2":{"start":{"line":3,"column":0},"end":{"line":3,"column":0}},"3":{"start":{"line":4,"column":0},"end":{"line":4,"column":29}},"4":{"start":{"line":5,"column":0},"end":{"line":5,"column":37}},"5":{"start":{"line":6,"column":0},"end":{"line":6,"column":1}},"6":{"start":{"line":7,"column":0},"end":{"line":7,"column":0}},"7":{"start":{"line":8,"column":0},"end":{"line":8,"column":46}},"8":{"start":{"line":9,"column":0},"end":{"line":9,"column":17}},"9":{"start":{"line":10,"column":0},"end":{"line":10,"column":23}},"10":{"start":{"line":11,"column":0},"end":{"line":11,"column":17}},"11":{"start":{"line":12,"column":0},"end":{"line":12,"column":27}},"12":{"start":{"line":13,"column":0},"end":{"line":13,"column":23}},"13":{"start":{"line":14,"column":0},"end":{"line":14,"column":19}},"14":{"start":{"line":15,"column":0},"end":{"line":15,"column":2}},"15":{"start":{"line":16,"column":0},"end":{"line":16,"column":0}},"16":{"start":{"line":17,"column":0},"end":{"line":17,"column":67}},"17":{"start":{"line":18,"column":0},"end":{"line":18,"column":29}},"18":{"start":{"line":19,"column":0},"end":{"line":19,"column":12}},"19":{"start":{"line":20,"column":0},"end":{"line":20,"column":52}},"20":{"start":{"line":21,"column":0},"end":{"line":21,"column":77}},"21":{"start":{"line":22,"column":0},"end":{"line":22,"column":10}},"22":{"start":{"line":23,"column":0},"end":{"line":23,"column":6}},"23":{"start":{"line":24,"column":0},"end":{"line":24,"column":3}},"24":{"start":{"line":25,"column":0},"end":{"line":25,"column":0}},"25":{"start":{"line":26,"column":0},"end":{"line":26,"column":10}},"26":{"start":{"line":27,"column":0},"end":{"line":27,"column":31}},"27":{"start":{"line":28,"column":0},"end":{"line":28,"column":42}},"28":{"start":{"line":29,"column":0},"end":{"line":29,"column":48}},"29":{"start":{"line":30,"column":0},"end":{"line":30,"column":29}},"30":{"start":{"line":31,"column":0},"end":{"line":31,"column":57}},"31":{"start":{"line":32,"column":0},"end":{"line":32,"column":77}},"32":{"start":{"line":33,"column":0},"end":{"line":33,"column":0}},"33":{"start":{"line":34,"column":0},"end":{"line":34,"column":23}},"34":{"start":{"line":35,"column":0},"end":{"line":35,"column":71}},"35":{"start":{"line":36,"column":0},"end":{"line":36,"column":105}},"36":{"start":{"line":37,"column":0},"end":{"line":37,"column":0}},"37":{"start":{"line":38,"column":0},"end":{"line":38,"column":16}},"38":{"start":{"line":39,"column":0},"end":{"line":39,"column":74}},"39":{"start":{"line":40,"column":0},"end":{"line":40,"column":58}},"40":{"start":{"line":41,"column":0},"end":{"line":41,"column":58}},"41":{"start":{"line":42,"column":0},"end":{"line":42,"column":60}},"42":{"start":{"line":43,"column":0},"end":{"line":43,"column":21}},"43":{"start":{"line":44,"column":0},"end":{"line":44,"column":29}},"44":{"start":{"line":45,"column":0},"end":{"line":45,"column":69}},"45":{"start":{"line":46,"column":0},"end":{"line":46,"column":19}},"46":{"start":{"line":47,"column":0},"end":{"line":47,"column":69}},"47":{"start":{"line":48,"column":0},"end":{"line":48,"column":16}},"48":{"start":{"line":49,"column":0},"end":{"line":49,"column":58}},"49":{"start":{"line":50,"column":0},"end":{"line":50,"column":60}},"50":{"start":{"line":51,"column":0},"end":{"line":51,"column":21}},"51":{"start":{"line":52,"column":0},"end":{"line":52,"column":79}},"52":{"start":{"line":53,"column":0},"end":{"line":53,"column":72}},"53":{"start":{"line":54,"column":0},"end":{"line":54,"column":21}},"54":{"start":{"line":55,"column":0},"end":{"line":55,"column":18}},"55":{"start":{"line":56,"column":0},"end":{"line":56,"column":71}},"56":{"start":{"line":57,"column":0},"end":{"line":57,"column":54}},"57":{"start":{"line":58,"column":0},"end":{"line":58,"column":25}},"58":{"start":{"line":59,"column":0},"end":{"line":59,"column":71}},"59":{"start":{"line":60,"column":0},"end":{"line":60,"column":67}},"60":{"start":{"line":61,"column":0},"end":{"line":61,"column":15}},"61":{"start":{"line":62,"column":0},"end":{"line":62,"column":16}},"62":{"start":{"line":63,"column":0},"end":{"line":63,"column":16}},"63":{"start":{"line":64,"column":0},"end":{"line":64,"column":10}},"64":{"start":{"line":65,"column":0},"end":{"line":65,"column":9}},"65":{"start":{"line":66,"column":0},"end":{"line":66,"column":10}},"66":{"start":{"line":67,"column":0},"end":{"line":67,"column":4}},"67":{"start":{"line":68,"column":0},"end":{"line":68,"column":1}}},"s":{"0":1,"1":1,"2":1,"3":1,"4":1,"5":1,"6":1,"7":1,"8":1,"9":1,"10":1,"11":1,"12":1,"13":1,"14":1,"15":1,"16":1,"17":4,"18":1,"19":1,"20":1,"21":1,"22":1,"23":1,"24":3,"25":3,"26":3,"27":3,"28":6,"29":6,"30":6,"31":3,"32":6,"33":6,"34":6,"35":3,"36":6,"37":6,"38":6,"39":6,"40":6,"41":6,"42":6,"43":6,"
[...]
,"/home/mrf/Projects/personal-health-dashboard/frontend/src/services/api.ts": {"path":"/home/mrf/Projects/personal-health-dashboard/frontend/src/services/api.ts","all":false,"statementMap":{"0":{"start":{"line":1,"column":0},"end":{"line":1,"column":24}},"1":{"start":{"line":2,"column":0},"end":{"line":2,"column":0}},"2":{"start":{"line":3,"column":0},"end":{"line":3,"column":31}},"3":{"start":{"line":4,"column":0},"end":{"line":4,"column":15}},"4":{"start":{"line":5,"column":0},"end":{"line":5,"column":23}},"5":{"start":{"line":6,"column":0},"end":{"line":6,"column":33}},"6":{"start":{"line":7,"column":0},"end":{"line":7,"column":36}},"7":{"start":{"line":8,"column":0},"end":{"line":8,"column":24}},"8":{"start":{"line":9,"column":0},"end":{"line":9,"column":29}},"9":{"start":{"line":10,"column":0},"end":{"line":10,"column":33}},"10":{"start":{"line":11,"column":0},"end":{"line":11,"column":29}},"11":{"start":{"line":12,"column":0},"end":{"line":12,"column":33}},"12":{"start":{"line":13,"column":0},"end":{"line":13,"column":1}},"13":{"start":{"line":14,"column":0},"end":{"line":14,"column":0}},"14":{"start":{"line":15,"column":0},"end":{"line":15,"column":29}},"15":{"start":{"line":16,"column":0},"end":{"line":16,"column":15}},"16":{"start":{"line":17,"column":0},"end":{"line":17,"column":16}},"17":{"start":{"line":18,"column":0},"end":{"line":18,"column":1}},"18":{"start":{"line":19,"column":0},"end":{"line":19,"column":0}},"19":{"start":{"line":20,"column":0},"end":{"line":20,"column":31}},"20":{"start":{"line":21,"column":0},"end":{"line":21,"column":17}},"21":{"start":{"line":22,"column":0},"end":{"line":22,"column":22}},"22":{"start":{"line":23,"column":0},"end":{"line":23,"column":23}},"23":{"start":{"line":24,"column":0},"end":{"line":24,"column":25}},"24":{"start":{"line":25,"column":0},"end":{"line":25,"column":34}},"25":{"start":{"line":26,"column":0},"end":{"line":26,"column":1}},"26":{"start":{"line":27,"column":0},"end":{"line":27,"column":0}},"27":{"start":{"line":28,"column":0},"end":{"line":28,"column":37}},"28":{"start":{"line":29,"column":0},"end":{"line":29,"column":18}},"29":{"start":{"line":30,"column":0},"end":{"line":30,"column":18}},"30":{"start":{"line":31,"column":0},"end":{"line":31,"column":22}},"31":{"start":{"line":32,"column":0},"end":{"line":32,"column":22}},"32":{"start":{"line":33,"column":0},"end":{"line":33,"column":19}},"33":{"start":{"line":34,"column":0},"end":{"line":34,"column":1}},"34":{"start":{"line":35,"column":0},"end":{"line":35,"column":0}},"35":{"start":{"line":36,"column":0},"end":{"line":36,"column":33}},"36":{"start":{"line":37,"column":0},"end":{"line":37,"column":17}},"37":{"start":{"line":38,"column":0},"end":{"line":38,"column":16}},"38":{"start":{"line":39,"column":0},"end":{"line":39,"column":15}},"39":{"start":{"line":40,"column":0},"end":{"line":40,"column":15}},"40":{"start":{"line":41,"column":0},"end":{"line":41,"column":1}},"41":{"start":{"line":42,"column":0},"end":{"line":42,"column":0}},"42":{"start":{"line":43,"column":0},"end":{"line":43,"column":31}},"43":{"start":{"line":44,"column":0},"end":{"line":44,"column":66}},"44":{"start":{"line":45,"column":0},"end":{"line":45,"column":19}},"45":{"start":{"line":46,"column":0},"end":{"line":46,"column":27}},"46":{"start":{"line":47,"column":0},"end":{"line":47,"column":29}},"47":{"start":{"line":48,"column":0},"end":{"line":48,"column":31}},"48":{"start":{"line":49,"column":0},"end":{"line":49,"column":15}},"49":{"start":{"line":50,"column":0},"end":{"line":50,"column":28}},"50":{"start":{"line":51,"column":0},"end":{"line":51,"column":28}},"51":{"start":{"line":52,"column":0},"end":{"line":52,"column":4}},"52":{"start":{"line":53,"column":0},"end":{"line":53,"column":1}},"53":{"start":{"line":54,"column":0},"end":{"line":54,"column":0}},"54":{"start":{"line":55,"column":0},"end":{"line":55,"column":26}},"55":{"start":{"line":56,"column":0},"end":{"line":56,"column":13}},"56":{"start":{"line":57,"column":0},"end":{"line":57,"column":23}},"57":{"start":{"line":58,"column":0},"end":{"line":58,"column":34}},"58":{"start":{"line":59,"column":0},"end":{"line":59,"column":32}},"59":{"start":{"line":60,"column":0},"end":{"line":60,"column":37}},"60":{"start":{"line":61,"column":0},"end":{"line":61,"column":21}},"61":{"start":{"line":62,"column":0},"end":{"line":62,"column":19}},"62":{"start":{"line":63,"column":0},"end":{"line":63,"column":29}},"63":{"start":{"line":64,"column":0},"end":{"line":64,"column":1}},"64":{"start":{"line":65,"column":0},"end":{"line":65,"column":0}},"65":{"start":{"line":66,"column":0},"end":{"line":66,"column":32}},"66":{"start":{"line":67,"column":0},"end":{"line":67,"column":41}},"67":{"start":{"line":68,"column":0},"end":{"line":68,"column":13}},"68":{"start":{"line":69,"column":0},"end":{"line":69,"column":25}},"69":{"start":{"line":70,"column":0},"end":{"line":70,"column":35}},"70":{"start":{"line":71,"column":0},"end":{"line":71,"column":31}},"71":{"start":{"line":72,"column":0},"end":{"line":72,"column":38}},"72":{"start":{"line":73,"column":0},"end":{"line":73,"column":4}},"73":{"start":{"line":74,"column":0},"end":{"line":74,"column":11}},"74":{"start":{"line":75,"column":0},"end":{"line":75,"column":25}},"75":{"start":{"line":76,"column":0},"end":{"line":76,"column":35}},"76":{"start":{"line":77,"column":0},"end":{"line":77,"column":35}},"77":{"start":{"line":78,"column":0},"end":{"line":78,"column":35}},"78":{"start":{"line":79,"column":0},"end":{"line":79,"column":4}},"79":{"start":{"line":80,"column":0},"end":{"line":80,"column":25}},"80":{"start":{"line":81,"column":0},"end":{"line":81,"column":1}},"81":{"start":{"line":82,"column":0},"end":{"line":82,"column":0}},"82":{"start":{"line":83,"column":0},"end":{"line":83,"column":77}},"83":{"start":{"line":84,"column":0},"end":{"line":84,"column":45}},"84":{"start":{"line":85,"column":0},"end":{"line":85,"column":21}},"85":{"start":{"line":86,"column":0},"end":{"line":86,"column":84}},"86":{"start":{"line":87,"column":0},"end":{"line":87,"column":54}},"87":{"start":{"line":88,"column":0},"end":{"line":88,"column":3}},"88":{"start":{"line":89,"column":0},"end":{"line":89,"column":25}},"89":{"start":{"line":90,"column":0},"end":{"line":90,"column":1}},"90":{"start":{"line":91,"column":0},"end":{"line":91,"column":0}},"91":{"start":{"line":92,"column":0},"end":{"line":92,"column":20}},"92":{"start":{"line":93,"column":0},"end":{"line":93,"column":11}},"93":{"start":{"line":94,"column":0},"end":{"line":94,"column":65}},"94":{"start":{"line":95,"column":0},"end":{"line":95,"column":0}},"95":{"start":{"line":96,"column":0},"end":{"line":96,"column":32}},"96":{"start":{"line":97,"column":0},"end":{"line":97,"column":26}},"97":{"start":{"line":98,"column":0},"end":{"line":98,"column":31}},"98":{"start":{"line":99,"column":0},"end":{"line":99,"column":26}},"99":{"start":{"line":100,"column":0},"end":{"line":100,"column":59}},"100":{"start":{"line":101,"column":0},"end":{"line":101,"column":29}},"101":{"start":{"line":102,"column":0},"end":{"line":102,"column":0}},"102":{"start":{"line":103,"column":0},"end":{"line":103,"column":11}},"103":{"start":{"line":104,"column":0},"end":{"line":104,"column":83}},"104":{"start":{"line":105,"column":0},"end":{"line":105,"column":36}},"105":{"start":{"line":106,"column":0},"end":{"line":106,"column":34}},"106":{"start":{"line":107,"column":0},"end":{"line":107,"column":44}},"107":{"start":{"line":108,"column":0},"end":{"line":108,"column":21}},"108":{"start":{"line":109,"column":0},"end":{"line":109,"column":21}},"109":{"start":{"line":110,"column":0},"end":{"line":110,"column":7}},"110":{"start":{"line":111,"column":0},"end":{"line":111,"column":4}},"111":{"start":{"line":112,"column":0},"end":{"line":112,"column":0}},"112":{"start":{"line":113,"column":0},"end":{"line":113,"column":101}},"113":{"start":{"line":114,"column":0},"end":{"line":114,"column":19}},"114":{"start":{"line":115,"column":0},"end":{"line":115,"column":5}},"115":{"start":{"line":116,"column":0},"end":{"line":116,"column":0}},"116":{"start":{"line":117,"column":0},"end":{"line":117,"column":71}},"117":{"start":{"line":118,"column":0},"end":{"line":118,"column":21}},"118":{"start":{"line":119,"column":0},"end":{"line":119,"column":5}},"119":{"start":{"line":120,"column":0},"end":{"line":120,"column":0}},"120":{"start":{"line":121,"column":0},"end":{"line":121,"column":16}},"121":{"start":{"line":122,"column":0},"end":{"line":122,"column":39}},"122":{"start":{"line":123,"column":0},"end":{"line":123,"column":54}},"123":{"start":{"line":124,"column":0},"end":{"line":124,"column":74}},"124":{"start":{"line":125,"column":0},"end":{"line":125,"column":4}},"125":{"start":{"line":126,"column":0},"end":{"line":126,"column":0}},"126":{"start":{"line":127,"column":0},"end":{"line":127,"column":52}},"127":{"start":{"line":128,"column":0},"end":{"line":128,"column":60}},"128":{"start":{"line":129,"column":0},"end":{"line":129,"column":58}},"129":{"start":{"line":130,"column":0},"end":{"line":130,"column":6}},"130":{"start":{"line":131,"column":0},"end":{"line":131,"column":0}},"131":{"start":{"line":132,"column":0},"end":{"line":132,"column":50}},"132":{"start":{"line":133,"column":0},"end":{"line":133,"column":69}},"133":{"start":{"line":134,"column":0},"end":{"line":134,"column":57}},"134":{"start":{"line":135,"column":0},"end":{"line":135,"column":6}},"135":{"start":{"line":136,"column":0},"end":{"line":136,"column":0}},"136":{"start":{"line":137,"column":0},"end":{"line":137,"column":29}},"137":{"start":{"line":138,"column":0},"end":{"line":138,"column":54}},"138":{"start":{"line":139,"column":0},"end":{"line":139,"column":48}},"139":{"start":{"line":140,"column":0},"end":{"line":140,"column":6}},"140":{"start":{"line":141,"column":0},"end":{"line":141,"column":0}},"141":{"start":{"line":142,"column":0},"end":{"line":142,"column":21}},"142":{"start":{"line":143,"column":0},"end":{"line":143,"column":68}},"143":{"start":{"line":144,"column":0},"end":{"line":144,"column":37}},"144":{"start":{"line":145,"column":0},"end":{"line":145,"column":6}},"145":{"start":{"line":146,"column":0},"end":{"line":146,"column":0}},"146":{"start":{"line":147,"column":0},"end":{"line":147,"column":13}},"147":{"start":{"line":148,"column":0},"end":{"line":148,"column":27}},"148":{"start":{"line":149,"column":0},"end":{"line":149,"column":63}},"149":{"start":{"line":150,"column":0},"end":{"line":150,"column":48}},"150":{"start":{"line":151,"column":0},"end":{"line":151,"column":6}},"151":{"start":{"line":152,"column":0},"end":{"line":152,"column":0}},"152":{"start":{"line":153,"column":0},"end":{"line":153,"column":33}},"153":{"start":{"line":154,"column":0},"end":{"line":154,"column":54}},"154":{"start":{"line":155,"column":0},"end":{"line":155,"column":54}},"155":{"start":{"line":156,"column":0},"end":{"line":156,"column":6}},"156":{"start":{"line":157,"column":0},"end":{"line":157,"column":0}},"157":{"start":{"line":158,"column":0},"end":{"line":158,"column":19}},"158":{"start":{"line":159,"column":0},"end":{"line":159,"column":77}},"159":{"start":{"line":160,"column":0},"end":{"line":160,"column":0}},"160":{"start":{"line":161,"column":0},"end":{"line":161,"column":25}},"161":{"start":{"line":162,"column":0},"end":{"line":162,"column":68}},"162":{"start":{"line":163,"column":0},"end":{"line":163,"column":2}}},"s":{"0":1,"1":1,"2":1,"3":1,"4":1,"5":1,"6":1,"7":1,"8":1,"9":1,"10":1,"11":1,"12":1,"13":1,"14":1,"15":1,"16":1,"17":1,"18":1,"19":1,"20":1,"21":1,"22":1,"23":1,"24":1,"25":1,"26":1,"27":1,"28":1,"29":1,"30":1,"31":1,"32":1,"33":1,"34":1,"35":1,"36":1,"37":1,"38":1,"39":1,"40":1,"41":1,"42":1,"43":1,"44":1,"45":1,"46":1,"47":1,"48":1,"49":1,"50":1,"51":1,"52":1,"53":1,"54":1,"55":1,"56":1,"57":1,"58":1,"59":1,"60":1,"61":1,"62":1,"63":1,"64":1,"65":1,"66":1,"67":1,"68":1,"69":1,"70":1,"71":1,"72":1,"73":1,"74":1,"75":1,"76":1,"77":1,"78":1,"79":1,"80":1,"81":1,"82":11,"83":11,"84":11,"85":1,"86":1,"87":1,"88":10,"89":10,"90":1,"91":1,"92":1,"93":1,"94":1,"95":1,"96":0,"97":0,"98":0,"99":0,"100":0,"101":1,"102":1,"103":1,"104":1,"105":1,"106":1,"107":1,"108":1,"109":1,"110":1,"111":1,"112":1,"113":0,"114":0,"115":1,"116":1,"117":1,"118":1,"119":1,"120":1,"121":1,"122":2,"123":2,"124":2,"125":1,"126":1,"127":0,"128":0,"129":0,"130":1,"131":1,"132":2,"133":2,"134":2,"135":1,"136":1,"137":0,"138":0,"139":0,"140":1,"141":1,"142":0,"143":0,"144":0,"145":1,"146":1,"147":1,"148":1,"149":1,"150":1,"151":1,"152":1,"153":1,"154":1,"155":1,"156":1,"157":1,"158":1,"159":1,"160":1,"161":0,"162":1},"branchMap":{"0":{"type":"branch","line":83,"loc":{"start":{"line":83,"column":0},"end":{"line":90,"column":1}},"locations":[{"start":{"line":83,"column":0},"end":{"line":90,"column":1}}]},"1":{"type":"branch","line":85,"loc":{"start":{"line":85,"column":20},"end":{"line":88,"column":3}},"locations":[{"start":{"line":85,"column":20},"end":{"line":88,"column":3}}]},"2":{"type":"branch","line":87,"loc":{"start":{"line":87,"column":26},"end":{"line":87,"column":52}},"locations":[{"start":{"line":87,"column":26},"end":{"line":87,"column":52}}]},"3":{"type":"branch","line":88,"loc":{"start":{"line":88,"column":2},"end":{"line":90,"column":1}},"locations":[{"start":{"line":88,"column":2},"end":{"line":90,"column":1}}]},"4":{"type":"branch","line":94,"loc":{"start":{"line":94,"column":13},"end":{"line":94,"column":65}},"locations":[{"start":{"line":94,"column":13},"end":{"line":94,"column":65}}]},"5":{"type":"branch","line":104,"loc":{"start":{"line":104,"column":14},"end":{"line":111,"column":4}},"locations":[{"start":{"line":104,"column":14},"end":{"line":111,"column":4}}]},"6":{"type":"branch","line":117,"loc":{"start":{"line":117,"column":13},"end":{"line":119,"column":5}},"locations":[{"start":{"line":117,"column":13},"end":{"line":119,"column":5}}]},"7":{"type":"branch","line":122,"loc":{"start":{"line":122,"column":19},"end":{"line":125,"column":4}},"locations":[{"start":{"line":122,"column":19},"end":{"line":125,"column":4}}]},"8":{"type":"branch","line":123,"loc":{"start":{"line":123,"column":19},"end":{"line":123,"column":51}},"locations":[{"start":{"line":123,"column":19},"end":{"line":123,"column":51}}]},"9":{"type":"branch","line":123,"loc":{"start":{"line":123,"column":46},"end":{"line":123,"column":54}},"locations":[{"start":{"line":123,"column":46},"end":{"line":123,"column":54}}]},"10":{"type":"branch","line":132,"loc":{"start":{"line":132,"column":20},"end":{"line":135,"column":6}},"locations":[{"start":{"line":132,"column":20},"end":{"line":135,"column":6}}]},"11":{"type":"branch","line":148,"loc":{"start":{"line":148,"column":13},"end":{"line":151,"column":6}},"locations":[{"start":{"line":148,"column":13},"end":{"line":151,"column":6}}]},"12":{"type":"branch","line":153,"loc":{"start":{"line":153,"column":19},"end":{"line":156,"column":6}},"locations":[{"start":{"line":153,"column":19},"end":{"line":156,"column":6}}]},"13":{"type":"branch","line":158,"loc":{"start":{"line":158,"column":14},"end":{"line":159,"column":77}},"locations":[{"start":{"line":158,"column":14},"end":{"line":159,"column":77}}]}},"b":{"0":[11],"1":[1],"2":[0],"3":[10],"4":[2],"5":[1],"6":[1],"7":[2],"8":[1],"9":[1],"10":[2],"11":[1],"12":[1],"13":[1]},"fnMap":{"0":{"name":"fetchJson","decl":{"start":{"line":83,"column":0},"end":{"line":90,"column":1}},"loc":{"start":{"line":83,"column":0},"end":{"line":90,"column":1}},"line":83},"1":{"name":"getStatus","decl":{"start":{"line":94,"column":13},"end":{"line":94,"column":65}},"loc":{"start":{"line":94,"column":13},"end":{"line":94,"column":65}},"line":94},"2":{"name":"getOverview","decl":{"start":{"line":96,"column":15},"end":{"line":101,"column":29}},"loc":{"start":{"line":96,"column":15},"end":{"line":101,"column":29}},"line":96},"3":{"name":"uploadFile","decl":{"start":{"line":104,"column":14},"end":{"line":111,"column":4}},"loc":{"start":{"line":104,"column":14},"end":{"line":111,"column":4}},"line":104},"4":{"name":"importLocalFile","decl":{"start":{"line":113,"column":19},"end":{"line":115,"column":5}},"loc":{"start":{"line":113,"column":19},"end":{"line":115,"column":5}},"line":113},"5":{"name":"clearData","decl":{"start":{"line":117,"column":13},"end":{"line":119,"column":5}},"loc":{"start":{"line":117,"column":13},"end":{"line":119,"column":5}},"line":117},"6":{"name":"getDailySummary","decl":{"start":{"line":122,"column":19},"end":{"line":125,"column":4}},"loc":{"start":{"line":122,"column":19},"end":{"line":125,"column":4}},"line":122},"7":{"name":"getSummariesRange","decl":{"start":{"line":127,"column":21},"end":{"line":130,"column":6}},"loc":{"start":{"line":127,"column":21},"end":{"line":130,"column":6}},"line":127},"8":{"name":"getMetricHistory","decl":{"start":{"line":132,"column":20},"end":{"line":135,"column":6}},"loc":{"start":{"line":132,"column":20},"end":{"line":135,"column":6}},"line":132},"9":{"name":"getWorkouts","decl":{"start":{"line":137,"column":15},"end":{"line":140,"column":6}},"loc":{"start":{"line":137,"column":15},"end":{"line":140,"column":6}},"line":137},"10":{"name":"getDateRange","decl":{"start":{"line":142,"column":16},"end":{"line":145,"column":6}},"loc":{"start":{"line":142,"column":16},"end":{"line":145,"column":6}},"line":142},"11":{"name":"getTrends","decl":{"start":{"line":148,"column":13},"end":{"line":151,"column":6}},"loc":{"start":{"line":148,"column":13},"end":{"line":151,"column":6}},"line":148},"12":{"name":"getCorrelations","decl":{"start":{"line":153,"column":19},"end":{"line":156,"column":6}},"loc":{"start":{"line":153,"column":19},"end":{"line":156,"column":6}},"line":153},"13":{"name":"getRecords","decl":{"start":{"line":158,"column":14},"end":{"line":159,"column":77}},"loc":{"start":{"line":158,"column":14},"end":{"line":159,"column":77}},"line":158},"14":{"name":"getWeeklySummary","decl":{"start":{"line":161,"column":20},"end":{"line":162,"column":68}},"loc":{"start":{"line":161,"column":20},"end":{"line":162,"column":68}},"line":161}},"f":{"0":11,"1":2,"2":0,"3":1,"4":0,"5":1,"6":2,"7":0,"8":2,"9":0,"10":0,"11":1,"12":1,"13":1,"14":0}}
}
